[2024-02-29 20:48:37,800] {taskinstance.py:1179} INFO - Dependencies all met for <TaskInstance: ingestion_data.conectar_redshift scheduled__2024-02-28T20:48:30.516308+00:00 [queued]>
[2024-02-29 20:48:37,810] {taskinstance.py:1179} INFO - Dependencies all met for <TaskInstance: ingestion_data.conectar_redshift scheduled__2024-02-28T20:48:30.516308+00:00 [queued]>
[2024-02-29 20:48:37,811] {taskinstance.py:1376} INFO - 
--------------------------------------------------------------------------------
[2024-02-29 20:48:37,812] {taskinstance.py:1377} INFO - Starting attempt 1 of 2
[2024-02-29 20:48:37,813] {taskinstance.py:1378} INFO - 
--------------------------------------------------------------------------------
[2024-02-29 20:48:37,828] {taskinstance.py:1397} INFO - Executing <Task(PythonOperator): conectar_redshift> on 2024-02-28 20:48:30.516308+00:00
[2024-02-29 20:48:37,833] {standard_task_runner.py:52} INFO - Started process 595 to run task
[2024-02-29 20:48:37,835] {standard_task_runner.py:79} INFO - Running: ['***', 'tasks', 'run', 'ingestion_data', 'conectar_redshift', 'scheduled__2024-02-28T20:48:30.516308+00:00', '--job-id', '166', '--raw', '--subdir', 'DAGS_FOLDER/tareas.py', '--cfg-path', '/tmp/tmpttm83iyt', '--error-file', '/tmp/tmp__vudzu_']
[2024-02-29 20:48:37,837] {standard_task_runner.py:80} INFO - Job 166: Subtask conectar_redshift
[2024-02-29 20:48:37,906] {task_command.py:371} INFO - Running <TaskInstance: ingestion_data.conectar_redshift scheduled__2024-02-28T20:48:30.516308+00:00 [running]> on host dc73aa51ce40
[2024-02-29 20:48:37,973] {taskinstance.py:1591} INFO - Exporting the following env vars:
AIRFLOW_CTX_DAG_OWNER=***
AIRFLOW_CTX_DAG_ID=ingestion_data
AIRFLOW_CTX_TASK_ID=conectar_redshift
AIRFLOW_CTX_EXECUTION_DATE=2024-02-28T20:48:30.516308+00:00
AIRFLOW_CTX_TRY_NUMBER=1
AIRFLOW_CTX_DAG_RUN_ID=scheduled__2024-02-28T20:48:30.516308+00:00
[2024-02-29 20:48:39,603] {logging_mixin.py:115} INFO - Conectado a Redshift con éxito!
[2024-02-29 20:48:40,320] {python.py:173} INFO - Done. Returned value was: None
[2024-02-29 20:48:40,352] {taskinstance.py:1420} INFO - Marking task as SUCCESS. dag_id=ingestion_data, task_id=conectar_redshift, execution_date=20240228T204830, start_date=20240229T204837, end_date=20240229T204840
[2024-02-29 20:48:40,387] {local_task_job.py:156} INFO - Task exited with return code 0
[2024-02-29 20:48:40,427] {local_task_job.py:273} INFO - 1 downstream tasks scheduled from follow-on schedule check
