[2024-02-29 21:11:46,662] {taskinstance.py:1179} INFO - Dependencies all met for <TaskInstance: ingestion_data.conectar_redshift scheduled__2024-02-28T21:11:40.793130+00:00 [queued]>
[2024-02-29 21:11:46,677] {taskinstance.py:1179} INFO - Dependencies all met for <TaskInstance: ingestion_data.conectar_redshift scheduled__2024-02-28T21:11:40.793130+00:00 [queued]>
[2024-02-29 21:11:46,678] {taskinstance.py:1376} INFO - 
--------------------------------------------------------------------------------
[2024-02-29 21:11:46,680] {taskinstance.py:1377} INFO - Starting attempt 1 of 2
[2024-02-29 21:11:46,681] {taskinstance.py:1378} INFO - 
--------------------------------------------------------------------------------
[2024-02-29 21:11:46,700] {taskinstance.py:1397} INFO - Executing <Task(PythonOperator): conectar_redshift> on 2024-02-28 21:11:40.793130+00:00
[2024-02-29 21:11:46,706] {standard_task_runner.py:52} INFO - Started process 195 to run task
[2024-02-29 21:11:46,710] {standard_task_runner.py:79} INFO - Running: ['***', 'tasks', 'run', 'ingestion_data', 'conectar_redshift', 'scheduled__2024-02-28T21:11:40.793130+00:00', '--job-id', '20', '--raw', '--subdir', 'DAGS_FOLDER/tareas.py', '--cfg-path', '/tmp/tmpgypeeqja', '--error-file', '/tmp/tmp2f7vwbuc']
[2024-02-29 21:11:46,711] {standard_task_runner.py:80} INFO - Job 20: Subtask conectar_redshift
[2024-02-29 21:11:46,803] {task_command.py:371} INFO - Running <TaskInstance: ingestion_data.conectar_redshift scheduled__2024-02-28T21:11:40.793130+00:00 [running]> on host 7b7d0ec4f6af
[2024-02-29 21:11:46,886] {taskinstance.py:1591} INFO - Exporting the following env vars:
AIRFLOW_CTX_DAG_OWNER=***
AIRFLOW_CTX_DAG_ID=ingestion_data
AIRFLOW_CTX_TASK_ID=conectar_redshift
AIRFLOW_CTX_EXECUTION_DATE=2024-02-28T21:11:40.793130+00:00
AIRFLOW_CTX_TRY_NUMBER=1
AIRFLOW_CTX_DAG_RUN_ID=scheduled__2024-02-28T21:11:40.793130+00:00
[2024-02-29 21:11:48,488] {logging_mixin.py:115} INFO - Conectado a Redshift con éxito!
[2024-02-29 21:11:49,089] {python.py:173} INFO - Done. Returned value was: None
[2024-02-29 21:11:49,120] {taskinstance.py:1420} INFO - Marking task as SUCCESS. dag_id=ingestion_data, task_id=conectar_redshift, execution_date=20240228T211140, start_date=20240229T211146, end_date=20240229T211149
[2024-02-29 21:11:49,176] {local_task_job.py:156} INFO - Task exited with return code 0
[2024-02-29 21:11:49,251] {local_task_job.py:273} INFO - 1 downstream tasks scheduled from follow-on schedule check
