[2024-02-29 14:37:15,221] {taskinstance.py:1179} INFO - Dependencies all met for <TaskInstance: dag_con_conexion_redshift.crear_tabla_redshift scheduled__2022-10-04T03:00:00+00:00 [queued]>
[2024-02-29 14:37:15,250] {taskinstance.py:1179} INFO - Dependencies all met for <TaskInstance: dag_con_conexion_redshift.crear_tabla_redshift scheduled__2022-10-04T03:00:00+00:00 [queued]>
[2024-02-29 14:37:15,253] {taskinstance.py:1376} INFO - 
--------------------------------------------------------------------------------
[2024-02-29 14:37:15,255] {taskinstance.py:1377} INFO - Starting attempt 1 of 6
[2024-02-29 14:37:15,258] {taskinstance.py:1378} INFO - 
--------------------------------------------------------------------------------
[2024-02-29 14:37:15,314] {taskinstance.py:1397} INFO - Executing <Task(RedshiftSQLOperator): crear_tabla_redshift> on 2022-10-04 03:00:00+00:00
[2024-02-29 14:37:15,370] {standard_task_runner.py:52} INFO - Started process 819 to run task
[2024-02-29 14:37:15,402] {standard_task_runner.py:79} INFO - Running: ['***', 'tasks', 'run', 'dag_con_conexion_redshift', 'crear_tabla_redshift', 'scheduled__2022-10-04T03:00:00+00:00', '--job-id', '99', '--raw', '--subdir', 'DAGS_FOLDER/dag_postgres_database.py', '--cfg-path', '/tmp/tmpz30wrn4e', '--error-file', '/tmp/tmpr8s39rak']
[2024-02-29 14:37:15,438] {standard_task_runner.py:80} INFO - Job 99: Subtask crear_tabla_redshift
[2024-02-29 14:37:15,640] {task_command.py:371} INFO - Running <TaskInstance: dag_con_conexion_redshift.crear_tabla_redshift scheduled__2022-10-04T03:00:00+00:00 [running]> on host 85ed7e7789a6
[2024-02-29 14:37:15,897] {taskinstance.py:1591} INFO - Exporting the following env vars:
AIRFLOW_CTX_DAG_OWNER=Joaco
AIRFLOW_CTX_DAG_ID=dag_con_conexion_redshift
AIRFLOW_CTX_TASK_ID=crear_tabla_redshift
AIRFLOW_CTX_EXECUTION_DATE=2022-10-04T03:00:00+00:00
AIRFLOW_CTX_TRY_NUMBER=1
AIRFLOW_CTX_DAG_RUN_ID=scheduled__2022-10-04T03:00:00+00:00
[2024-02-29 14:37:15,948] {redshift_sql.py:76} INFO - Executing statement: 
            create table if not exists fin_mundo(
                dt date,
                pais varchar(30)
            )
        
[2024-02-29 14:37:16,004] {base.py:68} INFO - Using connection ID 'redshift_keys' for task execution.
[2024-02-29 14:37:17,525] {dbapi.py:231} INFO - Running statement: 
            create table if not exists fin_mundo(
                dt date,
                pais varchar(30)
            )
        , parameters: None
[2024-02-29 14:37:18,120] {taskinstance.py:1420} INFO - Marking task as SUCCESS. dag_id=dag_con_conexion_redshift, task_id=crear_tabla_redshift, execution_date=20221004T030000, start_date=20240229T143715, end_date=20240229T143718
[2024-02-29 14:37:18,161] {local_task_job.py:156} INFO - Task exited with return code 0
[2024-02-29 14:37:18,209] {local_task_job.py:273} INFO - 1 downstream tasks scheduled from follow-on schedule check
