[2024-03-18 23:56:40,713] {taskinstance.py:1179} INFO - Dependencies all met for <TaskInstance: opcion_2.mandar_mail scheduled__2024-03-17T22:36:15.609958+00:00 [queued]>
[2024-03-18 23:56:40,720] {taskinstance.py:1179} INFO - Dependencies all met for <TaskInstance: opcion_2.mandar_mail scheduled__2024-03-17T22:36:15.609958+00:00 [queued]>
[2024-03-18 23:56:40,721] {taskinstance.py:1376} INFO - 
--------------------------------------------------------------------------------
[2024-03-18 23:56:40,721] {taskinstance.py:1377} INFO - Starting attempt 1 of 2
[2024-03-18 23:56:40,722] {taskinstance.py:1378} INFO - 
--------------------------------------------------------------------------------
[2024-03-18 23:56:40,734] {taskinstance.py:1397} INFO - Executing <Task(PythonOperator): mandar_mail> on 2024-03-17 22:36:15.609958+00:00
[2024-03-18 23:56:40,738] {standard_task_runner.py:52} INFO - Started process 378 to run task
[2024-03-18 23:56:40,741] {standard_task_runner.py:79} INFO - Running: ['***', 'tasks', 'run', 'opcion_2', 'mandar_mail', 'scheduled__2024-03-17T22:36:15.609958+00:00', '--job-id', '31', '--raw', '--subdir', 'DAGS_FOLDER/tareas2.py', '--cfg-path', '/tmp/tmpg20oblh4', '--error-file', '/tmp/tmp7j7iqz7_']
[2024-03-18 23:56:40,742] {standard_task_runner.py:80} INFO - Job 31: Subtask mandar_mail
[2024-03-18 23:56:40,794] {task_command.py:371} INFO - Running <TaskInstance: opcion_2.mandar_mail scheduled__2024-03-17T22:36:15.609958+00:00 [running]> on host 1ce5256cfda3
[2024-03-18 23:56:40,854] {taskinstance.py:1591} INFO - Exporting the following env vars:
AIRFLOW_CTX_DAG_OWNER=***
AIRFLOW_CTX_DAG_ID=opcion_2
AIRFLOW_CTX_TASK_ID=mandar_mail
AIRFLOW_CTX_EXECUTION_DATE=2024-03-17T22:36:15.609958+00:00
AIRFLOW_CTX_TRY_NUMBER=1
AIRFLOW_CTX_DAG_RUN_ID=scheduled__2024-03-17T22:36:15.609958+00:00
[2024-03-18 23:56:43,156] {logging_mixin.py:115} INFO - El email fue enviado correctamente.
[2024-03-18 23:56:43,159] {python.py:173} INFO - Done. Returned value was: None
[2024-03-18 23:56:43,176] {taskinstance.py:1420} INFO - Marking task as SUCCESS. dag_id=opcion_2, task_id=mandar_mail, execution_date=20240317T223615, start_date=20240318T235640, end_date=20240318T235643
[2024-03-18 23:56:43,215] {local_task_job.py:156} INFO - Task exited with return code 0
[2024-03-18 23:56:43,248] {local_task_job.py:273} INFO - 0 downstream tasks scheduled from follow-on schedule check
