[2024-02-29 21:23:40,933] {taskinstance.py:1179} INFO - Dependencies all met for <TaskInstance: ingestar_data.extraer_data scheduled__2024-02-28T21:23:30.906059+00:00 [queued]>
[2024-02-29 21:23:40,942] {taskinstance.py:1179} INFO - Dependencies all met for <TaskInstance: ingestar_data.extraer_data scheduled__2024-02-28T21:23:30.906059+00:00 [queued]>
[2024-02-29 21:23:40,943] {taskinstance.py:1376} INFO - 
--------------------------------------------------------------------------------
[2024-02-29 21:23:40,944] {taskinstance.py:1377} INFO - Starting attempt 1 of 2
[2024-02-29 21:23:40,945] {taskinstance.py:1378} INFO - 
--------------------------------------------------------------------------------
[2024-02-29 21:23:40,958] {taskinstance.py:1397} INFO - Executing <Task(PythonOperator): extraer_data> on 2024-02-28 21:23:30.906059+00:00
[2024-02-29 21:23:40,962] {standard_task_runner.py:52} INFO - Started process 621 to run task
[2024-02-29 21:23:40,964] {standard_task_runner.py:79} INFO - Running: ['***', 'tasks', 'run', 'ingestar_data', 'extraer_data', 'scheduled__2024-02-28T21:23:30.906059+00:00', '--job-id', '22', '--raw', '--subdir', 'DAGS_FOLDER/tareas.py', '--cfg-path', '/tmp/tmp41wbv47_', '--error-file', '/tmp/tmpyomtx3ct']
[2024-02-29 21:23:40,966] {standard_task_runner.py:80} INFO - Job 22: Subtask extraer_data
[2024-02-29 21:23:41,028] {task_command.py:371} INFO - Running <TaskInstance: ingestar_data.extraer_data scheduled__2024-02-28T21:23:30.906059+00:00 [running]> on host 7b7d0ec4f6af
[2024-02-29 21:23:41,108] {taskinstance.py:1591} INFO - Exporting the following env vars:
AIRFLOW_CTX_DAG_OWNER=***
AIRFLOW_CTX_DAG_ID=ingestar_data
AIRFLOW_CTX_TASK_ID=extraer_data
AIRFLOW_CTX_EXECUTION_DATE=2024-02-28T21:23:30.906059+00:00
AIRFLOW_CTX_TRY_NUMBER=1
AIRFLOW_CTX_DAG_RUN_ID=scheduled__2024-02-28T21:23:30.906059+00:00
[2024-02-29 21:23:41,592] {python.py:173} INFO - Done. Returned value was: {'Id': {0: '7c2WkKzBjnWOteN21cKyzf', 1: '4IwMAKQOj1UpkX1ZzpR6bP', 2: '55rfQ1Li7QNFg0mgFuyUqS', 3: '6bCgAxHOqIAyqGPgwCkWVZ', 4: '2mrs7WLa7K9bFYYrVMrXkX', 5: '3xehaPbni7KSEmkSdyIivN', 6: '3jkiz5QPx0YmIw3R1ihXzL', 7: '7Fm0C877GFuG36i2ZDZIeU'}, 'Artista': {0: 'international podcast', 1: 'international podcast', 2: '2024 Moon', 3: '2024 Moon', 4: '2024 Moon', 5: 'Jbx718', 6: 'Claudiu Bordeianu', 7: 'Claudiu Bordeianu'}, 'Podcast': {0: 'Robert Kiyosaki How To Protect Your Cash in 2024 5 Assets That Are Better And Secure Than Cash', 1: 'MOTIVATION TO START WORKING OUT IN 2024 getting back on track and starting your fitness journey', 2: 'Space for Healing', 3: 'Soothing Sounds', 4: 'Strange Music', 5: '2024 ROMPE SUEÑO/SHATTER DREAMS PODCAST THEME SONG', 6: 'Dj Trubadur Fain Vibe February 2024 - Live Mix @ Balamuc Podcast 12 x EUU.ro', 7: 'Dj Trubadur Fain Vibe January 2024 - Live Mix @ Balamuc Podcast 11 x EUU.ro'}, 'Duracion': {0: 851330, 1: 2391092, 2: 324999, 3: 373000, 4: 354000, 5: 127847, 6: 128537, 7: 129283}, 'Genero': {0: 'Sin Dato', 1: 'Sin Dato', 2: 'Sin Dato', 3: 'Sin Dato', 4: 'Sin Dato', 5: 'Sin Dato', 6: 'Sin Dato', 7: 'Sin Dato'}, 'Album': {0: 'Robert Kiyosaki How To Protect Your Cash in 2024 5 Assets That Are Better And Secure Than Cash', 1: 'MOTIVATION TO START WORKING OUT IN 2024 getting back on track and starting your fitness journey', 2: 'Educational Podcast Soundscapes: Ambient Background Music for Podcast', 3: 'Educational Podcast Soundscapes: Ambient Background Music for Podcast', 4: 'Educational Podcast Soundscapes: Ambient Background Music for Podcast', 5: '2024 ROMPE SUEÑO/SHATTER DREAMS PODCAST THEME SONG', 6: 'Dj Trubadur Fain Vibe February 2024 (Live Mix @ Balamuc Podcast 12 x EUU.ro)', 7: 'Dj Trubadur Fain Vibe January 2024 (Live Mix @ Balamuc Podcast 11 x EUU.ro)'}, 'Album_img': {0: 'https://i.scdn.co/image/ab67616d0000b2736e5190f5db08d69bd7b8c888', 1: 'https://i.scdn.co/image/ab67616d0000b273e0865b97f89a988fb6cf2aaa', 2: 'https://i.scdn.co/image/ab67616d0000b2730f4d2429ffaeb360399a830c', 3: 'https://i.scdn.co/image/ab67616d0000b2730f4d2429ffaeb360399a830c', 4: 'https://i.scdn.co/image/ab67616d0000b2730f4d2429ffaeb360399a830c', 5: 'https://i.scdn.co/image/ab67616d0000b27358971eca3637d90c1aa0ee56', 6: 'https://i.scdn.co/image/ab67616d0000b2734742f66497c68a6a90366cc3', 7: 'https://i.scdn.co/image/ab67616d0000b273b412f278e07bcfd0f92c0e1e'}, 'Episodios': {0: 1, 1: 1, 2: 18, 3: 18, 4: 18, 5: 1, 6: 1, 7: 1}, 'Popularidad': {0: 3, 1: 2, 2: 0, 3: 0, 4: 0, 5: 0, 6: 0, 7: 0}, 'Fecha_Lanzamiento': {0: '2023-12-28', 1: '2023-12-29', 2: '2022-02-04', 3: '2022-02-04', 4: '2022-02-04', 5: '2024-02-02', 6: '2024-01-22', 7: '2023-12-20'}, 'Fecha_Modificacion': {0: '2024-02-29', 1: '2024-02-29', 2: '2024-02-29', 3: '2024-02-29', 4: '2024-02-29', 5: '2024-02-29', 6: '2024-02-29', 7: '2024-02-29'}}
[2024-02-29 21:23:41,618] {taskinstance.py:1420} INFO - Marking task as SUCCESS. dag_id=ingestar_data, task_id=extraer_data, execution_date=20240228T212330, start_date=20240229T212340, end_date=20240229T212341
[2024-02-29 21:23:41,661] {local_task_job.py:156} INFO - Task exited with return code 0
[2024-02-29 21:23:41,697] {local_task_job.py:273} INFO - 1 downstream tasks scheduled from follow-on schedule check
