[2024-02-29 14:37:24,642] {taskinstance.py:1179} INFO - Dependencies all met for <TaskInstance: dag_con_conexion_redshift.crear_tabla_redshift scheduled__2022-10-12T03:00:00+00:00 [queued]>
[2024-02-29 14:37:24,691] {taskinstance.py:1179} INFO - Dependencies all met for <TaskInstance: dag_con_conexion_redshift.crear_tabla_redshift scheduled__2022-10-12T03:00:00+00:00 [queued]>
[2024-02-29 14:37:24,693] {taskinstance.py:1376} INFO - 
--------------------------------------------------------------------------------
[2024-02-29 14:37:24,702] {taskinstance.py:1377} INFO - Starting attempt 1 of 6
[2024-02-29 14:37:24,706] {taskinstance.py:1378} INFO - 
--------------------------------------------------------------------------------
[2024-02-29 14:37:24,759] {taskinstance.py:1397} INFO - Executing <Task(RedshiftSQLOperator): crear_tabla_redshift> on 2022-10-12 03:00:00+00:00
[2024-02-29 14:37:24,768] {standard_task_runner.py:52} INFO - Started process 871 to run task
[2024-02-29 14:37:24,772] {standard_task_runner.py:79} INFO - Running: ['***', 'tasks', 'run', 'dag_con_conexion_redshift', 'crear_tabla_redshift', 'scheduled__2022-10-12T03:00:00+00:00', '--job-id', '122', '--raw', '--subdir', 'DAGS_FOLDER/dag_postgres_database.py', '--cfg-path', '/tmp/tmpii8y0ygj', '--error-file', '/tmp/tmpd5dpynun']
[2024-02-29 14:37:24,775] {standard_task_runner.py:80} INFO - Job 122: Subtask crear_tabla_redshift
[2024-02-29 14:37:24,903] {task_command.py:371} INFO - Running <TaskInstance: dag_con_conexion_redshift.crear_tabla_redshift scheduled__2022-10-12T03:00:00+00:00 [running]> on host 85ed7e7789a6
[2024-02-29 14:37:25,044] {taskinstance.py:1591} INFO - Exporting the following env vars:
AIRFLOW_CTX_DAG_OWNER=Joaco
AIRFLOW_CTX_DAG_ID=dag_con_conexion_redshift
AIRFLOW_CTX_TASK_ID=crear_tabla_redshift
AIRFLOW_CTX_EXECUTION_DATE=2022-10-12T03:00:00+00:00
AIRFLOW_CTX_TRY_NUMBER=1
AIRFLOW_CTX_DAG_RUN_ID=scheduled__2022-10-12T03:00:00+00:00
[2024-02-29 14:37:25,046] {redshift_sql.py:76} INFO - Executing statement: 
            create table if not exists fin_mundo(
                dt date,
                pais varchar(30)
            )
        
[2024-02-29 14:37:25,078] {base.py:68} INFO - Using connection ID 'redshift_keys' for task execution.
[2024-02-29 14:37:26,425] {dbapi.py:231} INFO - Running statement: 
            create table if not exists fin_mundo(
                dt date,
                pais varchar(30)
            )
        , parameters: None
[2024-02-29 14:37:27,020] {taskinstance.py:1420} INFO - Marking task as SUCCESS. dag_id=dag_con_conexion_redshift, task_id=crear_tabla_redshift, execution_date=20221012T030000, start_date=20240229T143724, end_date=20240229T143727
[2024-02-29 14:37:27,103] {local_task_job.py:156} INFO - Task exited with return code 0
[2024-02-29 14:37:27,375] {local_task_job.py:273} INFO - 0 downstream tasks scheduled from follow-on schedule check
