[2024-02-29 14:37:35,475] {taskinstance.py:1179} INFO - Dependencies all met for <TaskInstance: dag_con_conexion_redshift.crear_tabla_redshift scheduled__2022-10-23T03:00:00+00:00 [queued]>
[2024-02-29 14:37:35,499] {taskinstance.py:1179} INFO - Dependencies all met for <TaskInstance: dag_con_conexion_redshift.crear_tabla_redshift scheduled__2022-10-23T03:00:00+00:00 [queued]>
[2024-02-29 14:37:35,501] {taskinstance.py:1376} INFO - 
--------------------------------------------------------------------------------
[2024-02-29 14:37:35,502] {taskinstance.py:1377} INFO - Starting attempt 1 of 6
[2024-02-29 14:37:35,504] {taskinstance.py:1378} INFO - 
--------------------------------------------------------------------------------
[2024-02-29 14:37:35,562] {taskinstance.py:1397} INFO - Executing <Task(RedshiftSQLOperator): crear_tabla_redshift> on 2022-10-23 03:00:00+00:00
[2024-02-29 14:37:35,585] {standard_task_runner.py:79} INFO - Running: ['***', 'tasks', 'run', 'dag_con_conexion_redshift', 'crear_tabla_redshift', 'scheduled__2022-10-23T03:00:00+00:00', '--job-id', '150', '--raw', '--subdir', 'DAGS_FOLDER/dag_postgres_database.py', '--cfg-path', '/tmp/tmpew59mw0e', '--error-file', '/tmp/tmprctqez24']
[2024-02-29 14:37:35,581] {standard_task_runner.py:52} INFO - Started process 931 to run task
[2024-02-29 14:37:35,588] {standard_task_runner.py:80} INFO - Job 150: Subtask crear_tabla_redshift
[2024-02-29 14:37:35,756] {task_command.py:371} INFO - Running <TaskInstance: dag_con_conexion_redshift.crear_tabla_redshift scheduled__2022-10-23T03:00:00+00:00 [running]> on host 85ed7e7789a6
[2024-02-29 14:37:36,012] {taskinstance.py:1591} INFO - Exporting the following env vars:
AIRFLOW_CTX_DAG_OWNER=Joaco
AIRFLOW_CTX_DAG_ID=dag_con_conexion_redshift
AIRFLOW_CTX_TASK_ID=crear_tabla_redshift
AIRFLOW_CTX_EXECUTION_DATE=2022-10-23T03:00:00+00:00
AIRFLOW_CTX_TRY_NUMBER=1
AIRFLOW_CTX_DAG_RUN_ID=scheduled__2022-10-23T03:00:00+00:00
[2024-02-29 14:37:36,015] {redshift_sql.py:76} INFO - Executing statement: 
            create table if not exists fin_mundo(
                dt date,
                pais varchar(30)
            )
        
[2024-02-29 14:37:36,042] {base.py:68} INFO - Using connection ID 'redshift_keys' for task execution.
[2024-02-29 14:37:37,469] {dbapi.py:231} INFO - Running statement: 
            create table if not exists fin_mundo(
                dt date,
                pais varchar(30)
            )
        , parameters: None
[2024-02-29 14:37:38,071] {taskinstance.py:1420} INFO - Marking task as SUCCESS. dag_id=dag_con_conexion_redshift, task_id=crear_tabla_redshift, execution_date=20221023T030000, start_date=20240229T143735, end_date=20240229T143738
[2024-02-29 14:37:38,128] {local_task_job.py:156} INFO - Task exited with return code 0
[2024-02-29 14:37:38,176] {local_task_job.py:273} INFO - 1 downstream tasks scheduled from follow-on schedule check
