[2024-03-18 22:36:20,079] {taskinstance.py:1179} INFO - Dependencies all met for <TaskInstance: opcion_2.conectar_redshift scheduled__2024-03-17T22:36:15.609958+00:00 [queued]>
[2024-03-18 22:36:20,090] {taskinstance.py:1179} INFO - Dependencies all met for <TaskInstance: opcion_2.conectar_redshift scheduled__2024-03-17T22:36:15.609958+00:00 [queued]>
[2024-03-18 22:36:20,091] {taskinstance.py:1376} INFO - 
--------------------------------------------------------------------------------
[2024-03-18 22:36:20,092] {taskinstance.py:1377} INFO - Starting attempt 1 of 2
[2024-03-18 22:36:20,093] {taskinstance.py:1378} INFO - 
--------------------------------------------------------------------------------
[2024-03-18 22:36:20,106] {taskinstance.py:1397} INFO - Executing <Task(PythonOperator): conectar_redshift> on 2024-03-17 22:36:15.609958+00:00
[2024-03-18 22:36:20,110] {standard_task_runner.py:52} INFO - Started process 241 to run task
[2024-03-18 22:36:20,113] {standard_task_runner.py:79} INFO - Running: ['***', 'tasks', 'run', 'opcion_2', 'conectar_redshift', 'scheduled__2024-03-17T22:36:15.609958+00:00', '--job-id', '26', '--raw', '--subdir', 'DAGS_FOLDER/tareas2.py', '--cfg-path', '/tmp/tmph4ev2rxx', '--error-file', '/tmp/tmpxvszybik']
[2024-03-18 22:36:20,114] {standard_task_runner.py:80} INFO - Job 26: Subtask conectar_redshift
[2024-03-18 22:36:20,178] {task_command.py:371} INFO - Running <TaskInstance: opcion_2.conectar_redshift scheduled__2024-03-17T22:36:15.609958+00:00 [running]> on host 1f82df9fcae4
[2024-03-18 22:36:20,242] {taskinstance.py:1591} INFO - Exporting the following env vars:
AIRFLOW_CTX_DAG_OWNER=***
AIRFLOW_CTX_DAG_ID=opcion_2
AIRFLOW_CTX_TASK_ID=conectar_redshift
AIRFLOW_CTX_EXECUTION_DATE=2024-03-17T22:36:15.609958+00:00
AIRFLOW_CTX_TRY_NUMBER=1
AIRFLOW_CTX_DAG_RUN_ID=scheduled__2024-03-17T22:36:15.609958+00:00
[2024-03-18 22:36:21,378] {logging_mixin.py:115} INFO - Conectado a Redshift con éxito!
[2024-03-18 22:36:21,908] {python.py:173} INFO - Done. Returned value was: None
[2024-03-18 22:36:21,922] {taskinstance.py:1420} INFO - Marking task as SUCCESS. dag_id=opcion_2, task_id=conectar_redshift, execution_date=20240317T223615, start_date=20240318T223620, end_date=20240318T223621
[2024-03-18 22:36:21,983] {local_task_job.py:156} INFO - Task exited with return code 0
[2024-03-18 22:36:22,016] {local_task_job.py:273} INFO - 1 downstream tasks scheduled from follow-on schedule check
