[2024-02-29 21:11:43,591] {taskinstance.py:1179} INFO - Dependencies all met for <TaskInstance: ingestion_data.extraer_data scheduled__2024-02-28T21:11:40.793130+00:00 [queued]>
[2024-02-29 21:11:43,603] {taskinstance.py:1179} INFO - Dependencies all met for <TaskInstance: ingestion_data.extraer_data scheduled__2024-02-28T21:11:40.793130+00:00 [queued]>
[2024-02-29 21:11:43,604] {taskinstance.py:1376} INFO - 
--------------------------------------------------------------------------------
[2024-02-29 21:11:43,605] {taskinstance.py:1377} INFO - Starting attempt 1 of 2
[2024-02-29 21:11:43,606] {taskinstance.py:1378} INFO - 
--------------------------------------------------------------------------------
[2024-02-29 21:11:43,624] {taskinstance.py:1397} INFO - Executing <Task(PythonOperator): extraer_data> on 2024-02-28 21:11:40.793130+00:00
[2024-02-29 21:11:43,630] {standard_task_runner.py:52} INFO - Started process 192 to run task
[2024-02-29 21:11:43,634] {standard_task_runner.py:79} INFO - Running: ['***', 'tasks', 'run', 'ingestion_data', 'extraer_data', 'scheduled__2024-02-28T21:11:40.793130+00:00', '--job-id', '19', '--raw', '--subdir', 'DAGS_FOLDER/tareas.py', '--cfg-path', '/tmp/tmpct8addsh', '--error-file', '/tmp/tmpwfv6lnrp']
[2024-02-29 21:11:43,636] {standard_task_runner.py:80} INFO - Job 19: Subtask extraer_data
[2024-02-29 21:11:43,714] {task_command.py:371} INFO - Running <TaskInstance: ingestion_data.extraer_data scheduled__2024-02-28T21:11:40.793130+00:00 [running]> on host 7b7d0ec4f6af
[2024-02-29 21:11:43,801] {taskinstance.py:1591} INFO - Exporting the following env vars:
AIRFLOW_CTX_DAG_OWNER=***
AIRFLOW_CTX_DAG_ID=ingestion_data
AIRFLOW_CTX_TASK_ID=extraer_data
AIRFLOW_CTX_EXECUTION_DATE=2024-02-28T21:11:40.793130+00:00
AIRFLOW_CTX_TRY_NUMBER=1
AIRFLOW_CTX_DAG_RUN_ID=scheduled__2024-02-28T21:11:40.793130+00:00
[2024-02-29 21:11:44,733] {python.py:173} INFO - Done. Returned value was: {'Id': {0: '7c2WkKzBjnWOteN21cKyzf', 1: '7ap8DpQfhHBIONsAA1Hf2V', 2: '4IwMAKQOj1UpkX1ZzpR6bP', 3: '4LY5yqIP7Somc6U1pX7TB7', 4: '55rfQ1Li7QNFg0mgFuyUqS', 5: '2lyAbYuWH50vfeSqJNVT7S', 6: '6bCgAxHOqIAyqGPgwCkWVZ', 7: '3xjfJceMt6fjQRpEYsCpaX', 8: '2mrs7WLa7K9bFYYrVMrXkX', 9: '0GigDSchpo4bQuLqCkVjyr', 10: '3xehaPbni7KSEmkSdyIivN', 11: '3jkiz5QPx0YmIw3R1ihXzL', 12: '7Fm0C877GFuG36i2ZDZIeU'}, 'Artista': {0: 'international podcast', 1: 'aamin', 2: 'international podcast', 3: 'DJ MILLY ITA', 4: '2024 Moon', 5: 'kuzicookedit', 6: '2024 Moon', 7: 'Martín Acertijo', 8: '2024 Moon', 9: 'ayoub hajji', 10: 'Jbx718', 11: 'Claudiu Bordeianu', 12: 'Claudiu Bordeianu'}, 'Podcast': {0: 'Robert Kiyosaki How To Protect Your Cash in 2024 5 Assets That Are Better And Secure Than Cash', 1: '2024, Musique', 2: 'MOTIVATION TO START WORKING OUT IN 2024 getting back on track and starting your fitness journey', 3: '2024', 4: 'Space for Healing', 5: '2024 (House)', 6: 'Soothing Sounds', 7: '2024', 8: 'Strange Music', 9: 'Music 2024', 10: '2024 ROMPE SUEÑO/SHATTER DREAMS PODCAST THEME SONG', 11: 'Dj Trubadur Fain Vibe February 2024 - Live Mix @ Balamuc Podcast 12 x EUU.ro', 12: 'Dj Trubadur Fain Vibe January 2024 - Live Mix @ Balamuc Podcast 11 x EUU.ro'}, 'Duracion': {0: 851330, 1: 540257, 2: 2391092, 3: 231993, 4: 324999, 5: 64864, 6: 373000, 7: 145448, 8: 354000, 9: 82099, 10: 127847, 11: 128537, 12: 129283}, 'Genero': {0: 'Sin Dato', 1: 'Sin Dato', 2: 'Sin Dato', 3: 'Sin Dato', 4: 'Sin Dato', 5: 'Sin Dato', 6: 'Sin Dato', 7: 'Sin Dato', 8: 'Sin Dato', 9: 'Sin Dato', 10: 'Sin Dato', 11: 'Sin Dato', 12: 'Sin Dato'}, 'Album': {0: 'Robert Kiyosaki How To Protect Your Cash in 2024 5 Assets That Are Better And Secure Than Cash', 1: '2024, Musique', 2: 'MOTIVATION TO START WORKING OUT IN 2024 getting back on track and starting your fitness journey', 3: 'FIESTA', 4: 'Educational Podcast Soundscapes: Ambient Background Music for Podcast', 5: '2024 (House)', 6: 'Educational Podcast Soundscapes: Ambient Background Music for Podcast', 7: '2024', 8: 'Educational Podcast Soundscapes: Ambient Background Music for Podcast', 9: 'Music 2024', 10: '2024 ROMPE SUEÑO/SHATTER DREAMS PODCAST THEME SONG', 11: 'Dj Trubadur Fain Vibe February 2024 (Live Mix @ Balamuc Podcast 12 x EUU.ro)', 12: 'Dj Trubadur Fain Vibe January 2024 (Live Mix @ Balamuc Podcast 11 x EUU.ro)'}, 'Album_img': {0: 'https://i.scdn.co/image/ab67616d0000b2736e5190f5db08d69bd7b8c888', 1: 'https://i.scdn.co/image/ab67616d0000b2736314320cad818015bd329550', 2: 'https://i.scdn.co/image/ab67616d0000b273e0865b97f89a988fb6cf2aaa', 3: 'https://i.scdn.co/image/ab67616d0000b273695c1422e52782a1abda3715', 4: 'https://i.scdn.co/image/ab67616d0000b2730f4d2429ffaeb360399a830c', 5: 'https://i.scdn.co/image/ab67616d0000b273543f8cce0412db50678b4935', 6: 'https://i.scdn.co/image/ab67616d0000b2730f4d2429ffaeb360399a830c', 7: 'https://i.scdn.co/image/ab67616d0000b2738910acd385633897c6d675df', 8: 'https://i.scdn.co/image/ab67616d0000b2730f4d2429ffaeb360399a830c', 9: 'https://i.scdn.co/image/ab67616d0000b2736d382987b273dcbec1f93408', 10: 'https://i.scdn.co/image/ab67616d0000b27358971eca3637d90c1aa0ee56', 11: 'https://i.scdn.co/image/ab67616d0000b2734742f66497c68a6a90366cc3', 12: 'https://i.scdn.co/image/ab67616d0000b273b412f278e07bcfd0f92c0e1e'}, 'Episodios': {0: 1, 1: 1, 2: 1, 3: 22, 4: 18, 5: 1, 6: 18, 7: 2, 8: 18, 9: 1, 10: 1, 11: 1, 12: 1}, 'Popularidad': {0: 3, 1: 2, 2: 2, 3: 1, 4: 0, 5: 1, 6: 0, 7: 12, 8: 0, 9: 1, 10: 0, 11: 0, 12: 0}, 'Fecha_Lanzamiento': {0: '2023-12-28', 1: '2024-01-01', 2: '2023-12-29', 3: '2024-02-12', 4: '2022-02-04', 5: '2024-02-12', 6: '2022-02-04', 7: '2024-02-15', 8: '2022-02-04', 9: '2024-01-31', 10: '2024-02-02', 11: '2024-01-22', 12: '2023-12-20'}, 'Fecha_Modificacion': {0: '2024-02-29', 1: '2024-02-29', 2: '2024-02-29', 3: '2024-02-29', 4: '2024-02-29', 5: '2024-02-29', 6: '2024-02-29', 7: '2024-02-29', 8: '2024-02-29', 9: '2024-02-29', 10: '2024-02-29', 11: '2024-02-29', 12: '2024-02-29'}}
[2024-02-29 21:11:44,771] {taskinstance.py:1420} INFO - Marking task as SUCCESS. dag_id=ingestion_data, task_id=extraer_data, execution_date=20240228T211140, start_date=20240229T211143, end_date=20240229T211144
[2024-02-29 21:11:44,813] {local_task_job.py:156} INFO - Task exited with return code 0
[2024-02-29 21:11:44,873] {local_task_job.py:273} INFO - 1 downstream tasks scheduled from follow-on schedule check
