[2024-02-29 13:06:37,005] {manager.py:480} INFO - Processing files using up to 2 processes at a time 
[2024-02-29 13:06:37,006] {manager.py:481} INFO - Process each file at most once every 10 seconds
[2024-02-29 13:06:37,006] {manager.py:483} INFO - Checking for new files in /opt/airflow/dags every 300 seconds
[2024-02-29 13:06:37,007] {manager.py:690} INFO - Searching for files in /opt/airflow/dags
[2024-02-29 13:06:37,010] {manager.py:693} INFO - There are 0 files in /opt/airflow/dags
[2024-02-29 13:08:16,285] {manager.py:462} INFO - Exiting gracefully upon receiving signal 15
[2024-02-29 14:21:58,313] {manager.py:480} INFO - Processing files using up to 2 processes at a time 
[2024-02-29 14:21:58,314] {manager.py:481} INFO - Process each file at most once every 10 seconds
[2024-02-29 14:21:58,314] {manager.py:483} INFO - Checking for new files in /opt/airflow/dags every 300 seconds
[2024-02-29 14:21:58,314] {manager.py:690} INFO - Searching for files in /opt/airflow/dags
[2024-02-29 14:21:58,324] {manager.py:693} INFO - There are 1 files in /opt/airflow/dags
[2024-02-29 14:21:58,370] {manager.py:809} INFO - 
================================================================================
DAG File Processing Stats

File Path                                     PID  Runtime      # DAGs    # Errors  Last Runtime    Last Run
------------------------------------------  -----  ---------  --------  ----------  --------------  ----------
/opt/airflow/dags/dag_postgres_database.py    172  0.01s             0           0
================================================================================
[2024-02-29 14:22:28,493] {manager.py:809} INFO - 
================================================================================
DAG File Processing Stats

File Path                                   PID    Runtime      # DAGs    # Errors  Last Runtime    Last Run
------------------------------------------  -----  ---------  --------  ----------  --------------  -------------------
/opt/airflow/dags/dag_postgres_database.py                           1           0  0.19s           2024-02-29T14:22:19
================================================================================
[2024-02-29 14:22:59,050] {manager.py:809} INFO - 
================================================================================
DAG File Processing Stats

File Path                                   PID    Runtime      # DAGs    # Errors  Last Runtime    Last Run
------------------------------------------  -----  ---------  --------  ----------  --------------  -------------------
/opt/airflow/dags/dag_postgres_database.py                           1           0  0.20s           2024-02-29T14:22:50
================================================================================
[2024-02-29 14:23:29,769] {manager.py:809} INFO - 
================================================================================
DAG File Processing Stats

File Path                                   PID    Runtime      # DAGs    # Errors  Last Runtime    Last Run
------------------------------------------  -----  ---------  --------  ----------  --------------  -------------------
/opt/airflow/dags/dag_postgres_database.py                           1           0  0.21s           2024-02-29T14:23:20
================================================================================
[2024-02-29 14:24:00,513] {manager.py:809} INFO - 
================================================================================
DAG File Processing Stats

File Path                                   PID    Runtime      # DAGs    # Errors  Last Runtime    Last Run
------------------------------------------  -----  ---------  --------  ----------  --------------  -------------------
/opt/airflow/dags/dag_postgres_database.py                           1           0  0.20s           2024-02-29T14:23:51
================================================================================
[2024-02-29 14:24:31,247] {manager.py:809} INFO - 
================================================================================
DAG File Processing Stats

File Path                                   PID    Runtime      # DAGs    # Errors  Last Runtime    Last Run
------------------------------------------  -----  ---------  --------  ----------  --------------  -------------------
/opt/airflow/dags/dag_postgres_database.py                           1           0  0.24s           2024-02-29T14:24:22
================================================================================
[2024-02-29 14:25:01,252] {manager.py:809} INFO - 
================================================================================
DAG File Processing Stats

File Path                                   PID    Runtime      # DAGs    # Errors  Last Runtime    Last Run
------------------------------------------  -----  ---------  --------  ----------  --------------  -------------------
/opt/airflow/dags/dag_postgres_database.py                           1           0  0.20s           2024-02-29T14:24:53
================================================================================
[2024-02-29 14:25:31,773] {manager.py:809} INFO - 
================================================================================
DAG File Processing Stats

File Path                                   PID    Runtime      # DAGs    # Errors  Last Runtime    Last Run
------------------------------------------  -----  ---------  --------  ----------  --------------  -------------------
/opt/airflow/dags/dag_postgres_database.py                           1           0  0.20s           2024-02-29T14:25:23
================================================================================
[2024-02-29 14:26:02,495] {manager.py:809} INFO - 
================================================================================
DAG File Processing Stats

File Path                                   PID    Runtime      # DAGs    # Errors  Last Runtime    Last Run
------------------------------------------  -----  ---------  --------  ----------  --------------  -------------------
/opt/airflow/dags/dag_postgres_database.py                           1           0  0.20s           2024-02-29T14:25:54
================================================================================
[2024-02-29 14:26:33,257] {manager.py:809} INFO - 
================================================================================
DAG File Processing Stats

File Path                                   PID    Runtime      # DAGs    # Errors  Last Runtime    Last Run
------------------------------------------  -----  ---------  --------  ----------  --------------  -------------------
/opt/airflow/dags/dag_postgres_database.py                           1           0  0.20s           2024-02-29T14:26:25
================================================================================
[2024-02-29 14:26:58,955] {manager.py:690} INFO - Searching for files in /opt/airflow/dags
[2024-02-29 14:26:58,973] {manager.py:693} INFO - There are 1 files in /opt/airflow/dags
[2024-02-29 14:27:04,005] {manager.py:809} INFO - 
================================================================================
DAG File Processing Stats

File Path                                   PID    Runtime      # DAGs    # Errors  Last Runtime    Last Run
------------------------------------------  -----  ---------  --------  ----------  --------------  -------------------
/opt/airflow/dags/dag_postgres_database.py                           1           0  0.20s           2024-02-29T14:26:56
================================================================================
[2024-02-29 14:27:34,734] {manager.py:809} INFO - 
================================================================================
DAG File Processing Stats

File Path                                   PID    Runtime      # DAGs    # Errors  Last Runtime    Last Run
------------------------------------------  -----  ---------  --------  ----------  --------------  -------------------
/opt/airflow/dags/dag_postgres_database.py                           1           0  0.20s           2024-02-29T14:27:26
================================================================================
[2024-02-29 14:28:05,505] {manager.py:809} INFO - 
================================================================================
DAG File Processing Stats

File Path                                   PID    Runtime      # DAGs    # Errors  Last Runtime    Last Run
------------------------------------------  -----  ---------  --------  ----------  --------------  -------------------
/opt/airflow/dags/dag_postgres_database.py                           1           0  0.20s           2024-02-29T14:27:57
================================================================================
[2024-02-29 14:28:36,247] {manager.py:809} INFO - 
================================================================================
DAG File Processing Stats

File Path                                   PID    Runtime      # DAGs    # Errors  Last Runtime    Last Run
------------------------------------------  -----  ---------  --------  ----------  --------------  -------------------
/opt/airflow/dags/dag_postgres_database.py                           1           0  0.20s           2024-02-29T14:28:28
================================================================================
[2024-02-29 14:29:07,023] {manager.py:809} INFO - 
================================================================================
DAG File Processing Stats

File Path                                   PID    Runtime      # DAGs    # Errors  Last Runtime    Last Run
------------------------------------------  -----  ---------  --------  ----------  --------------  -------------------
/opt/airflow/dags/dag_postgres_database.py                           1           0  0.21s           2024-02-29T14:28:59
================================================================================
[2024-02-29 14:29:37,764] {manager.py:809} INFO - 
================================================================================
DAG File Processing Stats

File Path                                   PID    Runtime      # DAGs    # Errors  Last Runtime    Last Run
------------------------------------------  -----  ---------  --------  ----------  --------------  -------------------
/opt/airflow/dags/dag_postgres_database.py                           1           0  0.20s           2024-02-29T14:29:29
================================================================================
[2024-02-29 14:30:08,557] {manager.py:809} INFO - 
================================================================================
DAG File Processing Stats

File Path                                   PID    Runtime      # DAGs    # Errors  Last Runtime    Last Run
------------------------------------------  -----  ---------  --------  ----------  --------------  -------------------
/opt/airflow/dags/dag_postgres_database.py                           1           0  0.20s           2024-02-29T14:30:00
================================================================================
[2024-02-29 14:30:39,272] {manager.py:809} INFO - 
================================================================================
DAG File Processing Stats

File Path                                   PID    Runtime      # DAGs    # Errors  Last Runtime    Last Run
------------------------------------------  -----  ---------  --------  ----------  --------------  -------------------
/opt/airflow/dags/dag_postgres_database.py                           1           0  0.27s           2024-02-29T14:30:31
================================================================================
[2024-02-29 14:31:09,287] {manager.py:809} INFO - 
================================================================================
DAG File Processing Stats

File Path                                   PID    Runtime      # DAGs    # Errors  Last Runtime    Last Run
------------------------------------------  -----  ---------  --------  ----------  --------------  -------------------
/opt/airflow/dags/dag_postgres_database.py                           1           0  0.20s           2024-02-29T14:31:02
================================================================================
[2024-02-29 14:31:39,863] {manager.py:809} INFO - 
================================================================================
DAG File Processing Stats

File Path                                   PID    Runtime      # DAGs    # Errors  Last Runtime    Last Run
------------------------------------------  -----  ---------  --------  ----------  --------------  -------------------
/opt/airflow/dags/dag_postgres_database.py                           1           0  0.21s           2024-02-29T14:31:33
================================================================================
[2024-02-29 14:31:59,329] {manager.py:690} INFO - Searching for files in /opt/airflow/dags
[2024-02-29 14:31:59,349] {manager.py:693} INFO - There are 1 files in /opt/airflow/dags
[2024-02-29 14:32:10,598] {manager.py:809} INFO - 
================================================================================
DAG File Processing Stats

File Path                                   PID    Runtime      # DAGs    # Errors  Last Runtime    Last Run
------------------------------------------  -----  ---------  --------  ----------  --------------  -------------------
/opt/airflow/dags/dag_postgres_database.py                           1           0  0.23s           2024-02-29T14:32:03
================================================================================
[2024-02-29 14:32:41,382] {manager.py:809} INFO - 
================================================================================
DAG File Processing Stats

File Path                                   PID    Runtime      # DAGs    # Errors  Last Runtime    Last Run
------------------------------------------  -----  ---------  --------  ----------  --------------  -------------------
/opt/airflow/dags/dag_postgres_database.py                           1           0  0.23s           2024-02-29T14:32:34
================================================================================
[2024-02-29 14:33:11,552] {manager.py:809} INFO - 
================================================================================
DAG File Processing Stats

File Path                                   PID    Runtime      # DAGs    # Errors  Last Runtime    Last Run
------------------------------------------  -----  ---------  --------  ----------  --------------  -------------------
/opt/airflow/dags/dag_postgres_database.py                           1           0  1.21s           2024-02-29T14:33:06
================================================================================
[2024-02-29 14:33:42,102] {manager.py:809} INFO - 
================================================================================
DAG File Processing Stats

File Path                                   PID    Runtime      # DAGs    # Errors  Last Runtime    Last Run
------------------------------------------  -----  ---------  --------  ----------  --------------  -------------------
/opt/airflow/dags/dag_postgres_database.py                           1           0  0.21s           2024-02-29T14:33:37
================================================================================
[2024-02-29 14:34:12,867] {manager.py:809} INFO - 
================================================================================
DAG File Processing Stats

File Path                                   PID    Runtime      # DAGs    # Errors  Last Runtime    Last Run
------------------------------------------  -----  ---------  --------  ----------  --------------  -------------------
/opt/airflow/dags/dag_postgres_database.py                           1           0  0.23s           2024-02-29T14:34:08
================================================================================
[2024-02-29 14:34:43,647] {manager.py:809} INFO - 
================================================================================
DAG File Processing Stats

File Path                                   PID    Runtime      # DAGs    # Errors  Last Runtime    Last Run
------------------------------------------  -----  ---------  --------  ----------  --------------  -------------------
/opt/airflow/dags/dag_postgres_database.py                           1           0  0.21s           2024-02-29T14:34:38
================================================================================
[2024-02-29 14:35:13,650] {manager.py:809} INFO - 
================================================================================
DAG File Processing Stats

File Path                                   PID    Runtime      # DAGs    # Errors  Last Runtime    Last Run
------------------------------------------  -----  ---------  --------  ----------  --------------  -------------------
/opt/airflow/dags/dag_postgres_database.py                           1           0  0.24s           2024-02-29T14:35:09
================================================================================
[2024-02-29 14:35:44,204] {manager.py:809} INFO - 
================================================================================
DAG File Processing Stats

File Path                                   PID    Runtime      # DAGs    # Errors  Last Runtime    Last Run
------------------------------------------  -----  ---------  --------  ----------  --------------  -------------------
/opt/airflow/dags/dag_postgres_database.py                           1           0  0.21s           2024-02-29T14:35:40
================================================================================
[2024-02-29 14:36:14,933] {manager.py:809} INFO - 
================================================================================
DAG File Processing Stats

File Path                                   PID    Runtime      # DAGs    # Errors  Last Runtime    Last Run
------------------------------------------  -----  ---------  --------  ----------  --------------  -------------------
/opt/airflow/dags/dag_postgres_database.py                           1           0  0.20s           2024-02-29T14:36:11
================================================================================
[2024-02-29 14:36:45,692] {manager.py:809} INFO - 
================================================================================
DAG File Processing Stats

File Path                                   PID    Runtime      # DAGs    # Errors  Last Runtime    Last Run
------------------------------------------  -----  ---------  --------  ----------  --------------  -------------------
/opt/airflow/dags/dag_postgres_database.py                           1           0  0.20s           2024-02-29T14:36:41
================================================================================
[2024-02-29 14:36:59,939] {manager.py:690} INFO - Searching for files in /opt/airflow/dags
[2024-02-29 14:36:59,987] {manager.py:693} INFO - There are 1 files in /opt/airflow/dags
[2024-02-29 14:37:16,097] {manager.py:809} INFO - 
================================================================================
DAG File Processing Stats

File Path                                   PID    Runtime      # DAGs    # Errors  Last Runtime    Last Run
------------------------------------------  -----  ---------  --------  ----------  --------------  -------------------
/opt/airflow/dags/dag_postgres_database.py                           1           0  0.20s           2024-02-29T14:37:11
================================================================================
[2024-02-29 14:37:46,759] {manager.py:809} INFO - 
================================================================================
DAG File Processing Stats

File Path                                   PID    Runtime      # DAGs    # Errors  Last Runtime    Last Run
------------------------------------------  -----  ---------  --------  ----------  --------------  -------------------
/opt/airflow/dags/dag_postgres_database.py                           1           0  0.22s           2024-02-29T14:37:41
================================================================================
[2024-02-29 14:38:17,486] {manager.py:809} INFO - 
================================================================================
DAG File Processing Stats

File Path                                   PID    Runtime      # DAGs    # Errors  Last Runtime    Last Run
------------------------------------------  -----  ---------  --------  ----------  --------------  -------------------
/opt/airflow/dags/dag_postgres_database.py                           1           0  0.21s           2024-02-29T14:38:12
================================================================================
[2024-02-29 14:38:28,170] {manager.py:462} INFO - Exiting gracefully upon receiving signal 15
[2024-02-29 20:24:14,462] {manager.py:480} INFO - Processing files using up to 2 processes at a time 
[2024-02-29 20:24:14,463] {manager.py:481} INFO - Process each file at most once every 10 seconds
[2024-02-29 20:24:14,463] {manager.py:483} INFO - Checking for new files in /opt/airflow/dags every 300 seconds
[2024-02-29 20:24:14,464] {manager.py:690} INFO - Searching for files in /opt/airflow/dags
[2024-02-29 20:24:14,530] {manager.py:693} INFO - There are 2 files in /opt/airflow/dags
[2024-02-29 20:24:14,585] {manager.py:809} INFO - 
================================================================================
DAG File Processing Stats

File Path                                     PID  Runtime      # DAGs    # Errors  Last Runtime    Last Run
------------------------------------------  -----  ---------  --------  ----------  --------------  ----------
/opt/airflow/dags/dag_postgres_database.py    175  0.02s             0           0
/opt/airflow/dags/tareas.py                   173  0.02s             0           0
================================================================================
[2024-02-29 20:24:45,197] {manager.py:809} INFO - 
================================================================================
DAG File Processing Stats

File Path                                     PID  Runtime      # DAGs    # Errors  Last Runtime    Last Run
------------------------------------------  -----  ---------  --------  ----------  --------------  -------------------
/opt/airflow/dags/tareas.py                   203  0.01s             0           1  0.16s           2024-02-29T20:24:35
/opt/airflow/dags/dag_postgres_database.py                           1           0  0.50s           2024-02-29T20:24:37
================================================================================
[2024-02-29 20:25:15,298] {manager.py:809} INFO - 
================================================================================
DAG File Processing Stats

File Path                                   PID    Runtime      # DAGs    # Errors  Last Runtime    Last Run
------------------------------------------  -----  ---------  --------  ----------  --------------  -------------------
/opt/airflow/dags/tareas.py                                          0           1  0.19s           2024-02-29T20:25:05
/opt/airflow/dags/dag_postgres_database.py                           1           0  0.36s           2024-02-29T20:25:10
================================================================================
[2024-02-29 20:25:45,774] {manager.py:809} INFO - 
================================================================================
DAG File Processing Stats

File Path                                   PID    Runtime      # DAGs    # Errors  Last Runtime    Last Run
------------------------------------------  -----  ---------  --------  ----------  --------------  -------------------
/opt/airflow/dags/tareas.py                                          0           1  0.24s           2024-02-29T20:25:36
/opt/airflow/dags/dag_postgres_database.py                           1           0  0.37s           2024-02-29T20:25:42
================================================================================
[2024-02-29 20:26:15,900] {manager.py:809} INFO - 
================================================================================
DAG File Processing Stats

File Path                                   PID    Runtime      # DAGs    # Errors  Last Runtime    Last Run
------------------------------------------  -----  ---------  --------  ----------  --------------  -------------------
/opt/airflow/dags/tareas.py                                          0           1  0.18s           2024-02-29T20:26:08
/opt/airflow/dags/dag_postgres_database.py                           1           0  0.37s           2024-02-29T20:26:14
================================================================================
[2024-02-29 20:26:46,172] {manager.py:809} INFO - 
================================================================================
DAG File Processing Stats

File Path                                   PID    Runtime      # DAGs    # Errors  Last Runtime    Last Run
------------------------------------------  -----  ---------  --------  ----------  --------------  -------------------
/opt/airflow/dags/tareas.py                                          0           1  0.21s           2024-02-29T20:26:43
/opt/airflow/dags/dag_postgres_database.py                           1           0  0.36s           2024-02-29T20:26:37
================================================================================
[2024-02-29 20:27:16,856] {manager.py:809} INFO - 
================================================================================
DAG File Processing Stats

File Path                                   PID    Runtime      # DAGs    # Errors  Last Runtime    Last Run
------------------------------------------  -----  ---------  --------  ----------  --------------  -------------------
/opt/airflow/dags/tareas.py                                          0           1  0.17s           2024-02-29T20:27:11
/opt/airflow/dags/dag_postgres_database.py                           1           0  0.35s           2024-02-29T20:27:09
================================================================================
[2024-02-29 20:27:47,539] {manager.py:809} INFO - 
================================================================================
DAG File Processing Stats

File Path                                   PID    Runtime      # DAGs    # Errors  Last Runtime    Last Run
------------------------------------------  -----  ---------  --------  ----------  --------------  -------------------
/opt/airflow/dags/tareas.py                                          0           1  0.19s           2024-02-29T20:27:42
/opt/airflow/dags/dag_postgres_database.py                           1           0  0.38s           2024-02-29T20:27:41
================================================================================
[2024-02-29 20:28:17,615] {manager.py:809} INFO - 
================================================================================
DAG File Processing Stats

File Path                                   PID    Runtime      # DAGs    # Errors  Last Runtime    Last Run
------------------------------------------  -----  ---------  --------  ----------  --------------  -------------------
/opt/airflow/dags/tareas.py                                          0           1  0.15s           2024-02-29T20:28:13
/opt/airflow/dags/dag_postgres_database.py                           1           0  0.37s           2024-02-29T20:28:14
================================================================================
[2024-02-29 20:28:48,048] {manager.py:809} INFO - 
================================================================================
DAG File Processing Stats

File Path                                   PID    Runtime      # DAGs    # Errors  Last Runtime    Last Run
------------------------------------------  -----  ---------  --------  ----------  --------------  -------------------
/opt/airflow/dags/tareas.py                                          0           1  0.13s           2024-02-29T20:28:44
/opt/airflow/dags/dag_postgres_database.py                           1           0  0.34s           2024-02-29T20:28:47
================================================================================
[2024-02-29 20:29:14,559] {manager.py:690} INFO - Searching for files in /opt/airflow/dags
[2024-02-29 20:29:14,619] {manager.py:693} INFO - There are 2 files in /opt/airflow/dags
[2024-02-29 20:29:18,476] {manager.py:809} INFO - 
================================================================================
DAG File Processing Stats

File Path                                   PID    Runtime      # DAGs    # Errors  Last Runtime    Last Run
------------------------------------------  -----  ---------  --------  ----------  --------------  -------------------
/opt/airflow/dags/tareas.py                                          0           1  0.11s           2024-02-29T20:29:14
/opt/airflow/dags/dag_postgres_database.py                           1           0  0.32s           2024-02-29T20:29:09
================================================================================
[2024-02-29 20:29:49,100] {manager.py:809} INFO - 
================================================================================
DAG File Processing Stats

File Path                                   PID    Runtime      # DAGs    # Errors  Last Runtime    Last Run
------------------------------------------  -----  ---------  --------  ----------  --------------  -------------------
/opt/airflow/dags/tareas.py                                          0           1  0.16s           2024-02-29T20:29:45
/opt/airflow/dags/dag_postgres_database.py                           1           0  0.31s           2024-02-29T20:29:42
================================================================================
[2024-02-29 20:30:19,766] {manager.py:809} INFO - 
================================================================================
DAG File Processing Stats

File Path                                   PID    Runtime      # DAGs    # Errors  Last Runtime    Last Run
------------------------------------------  -----  ---------  --------  ----------  --------------  -------------------
/opt/airflow/dags/tareas.py                                          0           1  0.12s           2024-02-29T20:30:15
/opt/airflow/dags/dag_postgres_database.py                           1           0  0.38s           2024-02-29T20:30:14
================================================================================
[2024-02-29 20:30:50,411] {manager.py:809} INFO - 
================================================================================
DAG File Processing Stats

File Path                                   PID    Runtime      # DAGs    # Errors  Last Runtime    Last Run
------------------------------------------  -----  ---------  --------  ----------  --------------  -------------------
/opt/airflow/dags/tareas.py                                          0           1  0.11s           2024-02-29T20:30:46
/opt/airflow/dags/dag_postgres_database.py                           1           0  0.30s           2024-02-29T20:30:46
================================================================================
[2024-02-29 20:31:20,526] {manager.py:809} INFO - 
================================================================================
DAG File Processing Stats

File Path                                   PID    Runtime      # DAGs    # Errors  Last Runtime    Last Run
------------------------------------------  -----  ---------  --------  ----------  --------------  -------------------
/opt/airflow/dags/tareas.py                                          0           1  0.17s           2024-02-29T20:31:17
/opt/airflow/dags/dag_postgres_database.py                           1           0  0.37s           2024-02-29T20:31:19
================================================================================
[2024-02-29 20:31:50,567] {manager.py:809} INFO - 
================================================================================
DAG File Processing Stats

File Path                                   PID    Runtime      # DAGs    # Errors  Last Runtime    Last Run
------------------------------------------  -----  ---------  --------  ----------  --------------  -------------------
/opt/airflow/dags/tareas.py                                          0           1  0.10s           2024-02-29T20:31:47
/opt/airflow/dags/dag_postgres_database.py                           1           0  0.31s           2024-02-29T20:31:41
================================================================================
[2024-02-29 20:32:21,097] {manager.py:809} INFO - 
================================================================================
DAG File Processing Stats

File Path                                   PID    Runtime      # DAGs    # Errors  Last Runtime    Last Run
------------------------------------------  -----  ---------  --------  ----------  --------------  -------------------
/opt/airflow/dags/tareas.py                                          0           1  0.16s           2024-02-29T20:32:18
/opt/airflow/dags/dag_postgres_database.py                           1           0  0.36s           2024-02-29T20:32:15
================================================================================
[2024-02-29 20:32:51,846] {manager.py:809} INFO - 
================================================================================
DAG File Processing Stats

File Path                                   PID    Runtime      # DAGs    # Errors  Last Runtime    Last Run
------------------------------------------  -----  ---------  --------  ----------  --------------  -------------------
/opt/airflow/dags/tareas.py                                          0           1  0.13s           2024-02-29T20:32:48
/opt/airflow/dags/dag_postgres_database.py                           1           0  0.38s           2024-02-29T20:32:48
================================================================================
[2024-02-29 20:33:22,488] {manager.py:809} INFO - 
================================================================================
DAG File Processing Stats

File Path                                   PID    Runtime      # DAGs    # Errors  Last Runtime    Last Run
------------------------------------------  -----  ---------  --------  ----------  --------------  -------------------
/opt/airflow/dags/tareas.py                                          0           1  0.11s           2024-02-29T20:33:19
/opt/airflow/dags/dag_postgres_database.py                           1           0  0.35s           2024-02-29T20:33:21
================================================================================
[2024-02-29 20:33:53,032] {manager.py:809} INFO - 
================================================================================
DAG File Processing Stats

File Path                                   PID    Runtime      # DAGs    # Errors  Last Runtime    Last Run
------------------------------------------  -----  ---------  --------  ----------  --------------  -------------------
/opt/airflow/dags/tareas.py                                          0           1  0.15s           2024-02-29T20:33:50
/opt/airflow/dags/dag_postgres_database.py                           1           0  0.39s           2024-02-29T20:33:43
================================================================================
[2024-02-29 20:34:14,643] {manager.py:690} INFO - Searching for files in /opt/airflow/dags
[2024-02-29 20:34:14,725] {manager.py:693} INFO - There are 2 files in /opt/airflow/dags
[2024-02-29 20:34:23,934] {manager.py:809} INFO - 
================================================================================
DAG File Processing Stats

File Path                                   PID    Runtime      # DAGs    # Errors  Last Runtime    Last Run
------------------------------------------  -----  ---------  --------  ----------  --------------  -------------------
/opt/airflow/dags/tareas.py                                          0           1  0.13s           2024-02-29T20:34:20
/opt/airflow/dags/dag_postgres_database.py                           1           0  0.34s           2024-02-29T20:34:15
================================================================================
[2024-02-29 20:34:27,288] {manager.py:462} INFO - Exiting gracefully upon receiving signal 15
[2024-02-29 20:37:29,358] {manager.py:480} INFO - Processing files using up to 2 processes at a time 
[2024-02-29 20:37:29,359] {manager.py:481} INFO - Process each file at most once every 10 seconds
[2024-02-29 20:37:29,359] {manager.py:483} INFO - Checking for new files in /opt/airflow/dags every 300 seconds
[2024-02-29 20:37:29,360] {manager.py:690} INFO - Searching for files in /opt/airflow/dags
[2024-02-29 20:37:29,430] {manager.py:693} INFO - There are 2 files in /opt/airflow/dags
[2024-02-29 20:37:29,497] {manager.py:809} INFO - 
================================================================================
DAG File Processing Stats

File Path                                     PID  Runtime      # DAGs    # Errors  Last Runtime    Last Run
------------------------------------------  -----  ---------  --------  ----------  --------------  ----------
/opt/airflow/dags/dag_postgres_database.py    181  0.02s             0           0
/opt/airflow/dags/tareas.py                   178  0.02s             0           0
================================================================================
[2024-02-29 20:37:59,887] {manager.py:809} INFO - 
================================================================================
DAG File Processing Stats

File Path                                   PID    Runtime      # DAGs    # Errors  Last Runtime    Last Run
------------------------------------------  -----  ---------  --------  ----------  --------------  -------------------
/opt/airflow/dags/tareas.py                                          0           1  0.50s           2024-02-29T20:37:51
/opt/airflow/dags/dag_postgres_database.py                           1           0  0.34s           2024-02-29T20:37:51
================================================================================
[2024-02-29 20:38:30,208] {manager.py:809} INFO - 
================================================================================
DAG File Processing Stats

File Path                                   PID    Runtime      # DAGs    # Errors  Last Runtime    Last Run
------------------------------------------  -----  ---------  --------  ----------  --------------  -------------------
/opt/airflow/dags/tareas.py                                          0           1  0.56s           2024-02-29T20:38:24
/opt/airflow/dags/dag_postgres_database.py                           1           0  0.35s           2024-02-29T20:38:22
================================================================================
[2024-02-29 20:39:00,396] {manager.py:809} INFO - 
================================================================================
DAG File Processing Stats

File Path                                   PID    Runtime      # DAGs    # Errors  Last Runtime    Last Run
------------------------------------------  -----  ---------  --------  ----------  --------------  -------------------
/opt/airflow/dags/tareas.py                                          0           1  0.51s           2024-02-29T20:38:56
/opt/airflow/dags/dag_postgres_database.py                           1           0  0.29s           2024-02-29T20:38:53
================================================================================
[2024-02-29 20:39:30,624] {manager.py:809} INFO - 
================================================================================
DAG File Processing Stats

File Path                                   PID    Runtime      # DAGs    # Errors  Last Runtime    Last Run
------------------------------------------  -----  ---------  --------  ----------  --------------  -------------------
/opt/airflow/dags/tareas.py                                          0           1  0.46s           2024-02-29T20:39:28
/opt/airflow/dags/dag_postgres_database.py                           1           0  0.32s           2024-02-29T20:39:25
================================================================================
[2024-02-29 20:40:00,844] {manager.py:809} INFO - 
================================================================================
DAG File Processing Stats

File Path                                   PID    Runtime      # DAGs    # Errors  Last Runtime    Last Run
------------------------------------------  -----  ---------  --------  ----------  --------------  -------------------
/opt/airflow/dags/tareas.py                                          0           1  0.43s           2024-02-29T20:40:00
/opt/airflow/dags/dag_postgres_database.py                           1           0  0.34s           2024-02-29T20:39:56
================================================================================
[2024-02-29 20:40:30,978] {manager.py:809} INFO - 
================================================================================
DAG File Processing Stats

File Path                                   PID    Runtime      # DAGs    # Errors  Last Runtime    Last Run
------------------------------------------  -----  ---------  --------  ----------  --------------  -------------------
/opt/airflow/dags/tareas.py                                          0           1  0.47s           2024-02-29T20:40:21
/opt/airflow/dags/dag_postgres_database.py                           1           0  0.36s           2024-02-29T20:40:27
================================================================================
[2024-02-29 20:41:01,110] {manager.py:809} INFO - 
================================================================================
DAG File Processing Stats

File Path                                   PID    Runtime      # DAGs    # Errors  Last Runtime    Last Run
------------------------------------------  -----  ---------  --------  ----------  --------------  -------------------
/opt/airflow/dags/tareas.py                                          0           1  0.47s           2024-02-29T20:40:54
/opt/airflow/dags/dag_postgres_database.py                           1           0  0.37s           2024-02-29T20:40:59
================================================================================
[2024-02-29 20:41:31,313] {manager.py:809} INFO - 
================================================================================
DAG File Processing Stats

File Path                                   PID    Runtime      # DAGs    # Errors  Last Runtime    Last Run
------------------------------------------  -----  ---------  --------  ----------  --------------  -------------------
/opt/airflow/dags/tareas.py                                          0           1  0.46s           2024-02-29T20:41:26
/opt/airflow/dags/dag_postgres_database.py                           1           0  0.35s           2024-02-29T20:41:30
================================================================================
[2024-02-29 20:41:37,384] {manager.py:462} INFO - Exiting gracefully upon receiving signal 15
[2024-02-29 20:42:04,133] {manager.py:480} INFO - Processing files using up to 2 processes at a time 
[2024-02-29 20:42:04,134] {manager.py:481} INFO - Process each file at most once every 10 seconds
[2024-02-29 20:42:04,134] {manager.py:483} INFO - Checking for new files in /opt/airflow/dags every 300 seconds
[2024-02-29 20:42:04,135] {manager.py:690} INFO - Searching for files in /opt/airflow/dags
[2024-02-29 20:42:04,184] {manager.py:693} INFO - There are 2 files in /opt/airflow/dags
[2024-02-29 20:42:04,247] {manager.py:809} INFO - 
================================================================================
DAG File Processing Stats

File Path                                     PID  Runtime      # DAGs    # Errors  Last Runtime    Last Run
------------------------------------------  -----  ---------  --------  ----------  --------------  ----------
/opt/airflow/dags/dag_postgres_database.py    181  0.02s             0           0
/opt/airflow/dags/tareas.py                   177  0.03s             0           0
================================================================================
[2024-02-29 20:42:34,580] {manager.py:809} INFO - 
================================================================================
DAG File Processing Stats

File Path                                   PID    Runtime      # DAGs    # Errors  Last Runtime    Last Run
------------------------------------------  -----  ---------  --------  ----------  --------------  -------------------
/opt/airflow/dags/tareas.py                                          0           1  0.40s           2024-02-29T20:42:25
/opt/airflow/dags/dag_postgres_database.py                           1           0  0.43s           2024-02-29T20:42:25
================================================================================
[2024-02-29 20:43:04,941] {manager.py:809} INFO - 
================================================================================
DAG File Processing Stats

File Path                                   PID    Runtime      # DAGs    # Errors  Last Runtime    Last Run
------------------------------------------  -----  ---------  --------  ----------  --------------  -------------------
/opt/airflow/dags/tareas.py                                          0           1  0.48s           2024-02-29T20:42:57
/opt/airflow/dags/dag_postgres_database.py                           1           0  0.36s           2024-02-29T20:42:56
================================================================================
[2024-02-29 20:43:35,170] {manager.py:809} INFO - 
================================================================================
DAG File Processing Stats

File Path                                   PID    Runtime      # DAGs    # Errors  Last Runtime    Last Run
------------------------------------------  -----  ---------  --------  ----------  --------------  -------------------
/opt/airflow/dags/tareas.py                                          0           1  0.61s           2024-02-29T20:43:29
/opt/airflow/dags/dag_postgres_database.py                           1           0  0.32s           2024-02-29T20:43:28
================================================================================
[2024-02-29 20:44:05,436] {manager.py:809} INFO - 
================================================================================
DAG File Processing Stats

File Path                                   PID    Runtime      # DAGs    # Errors  Last Runtime    Last Run
------------------------------------------  -----  ---------  --------  ----------  --------------  -------------------
/opt/airflow/dags/tareas.py                                          0           1  0.51s           2024-02-29T20:44:01
/opt/airflow/dags/dag_postgres_database.py                           1           0  0.30s           2024-02-29T20:43:59
================================================================================
[2024-02-29 20:44:35,639] {manager.py:809} INFO - 
================================================================================
DAG File Processing Stats

File Path                                   PID    Runtime      # DAGs    # Errors  Last Runtime    Last Run
------------------------------------------  -----  ---------  --------  ----------  --------------  -------------------
/opt/airflow/dags/tareas.py                                          0           1  0.48s           2024-02-29T20:44:33
/opt/airflow/dags/dag_postgres_database.py                           1           0  0.31s           2024-02-29T20:44:30
================================================================================
[2024-02-29 20:45:05,643] {manager.py:809} INFO - 
================================================================================
DAG File Processing Stats

File Path                                     PID  Runtime      # DAGs    # Errors  Last Runtime    Last Run
------------------------------------------  -----  ---------  --------  ----------  --------------  -------------------
/opt/airflow/dags/tareas.py                   370  0.01s             0           1  0.49s           2024-02-29T20:44:55
/opt/airflow/dags/dag_postgres_database.py                           1           0  0.33s           2024-02-29T20:45:01
================================================================================
[2024-02-29 20:45:35,970] {manager.py:809} INFO - 
================================================================================
DAG File Processing Stats

File Path                                   PID    Runtime      # DAGs    # Errors  Last Runtime    Last Run
------------------------------------------  -----  ---------  --------  ----------  --------------  -------------------
/opt/airflow/dags/tareas.py                                          0           1  0.58s           2024-02-29T20:45:27
/opt/airflow/dags/dag_postgres_database.py                           1           0  0.32s           2024-02-29T20:45:33
================================================================================
[2024-02-29 20:46:06,266] {manager.py:809} INFO - 
================================================================================
DAG File Processing Stats

File Path                                   PID    Runtime      # DAGs    # Errors  Last Runtime    Last Run
------------------------------------------  -----  ---------  --------  ----------  --------------  -------------------
/opt/airflow/dags/tareas.py                                          0           1  0.49s           2024-02-29T20:45:59
/opt/airflow/dags/dag_postgres_database.py                           1           0  0.39s           2024-02-29T20:46:04
================================================================================
[2024-02-29 20:46:36,832] {manager.py:809} INFO - 
================================================================================
DAG File Processing Stats

File Path                                   PID    Runtime      # DAGs    # Errors  Last Runtime    Last Run
------------------------------------------  -----  ---------  --------  ----------  --------------  -------------------
/opt/airflow/dags/tareas.py                                          0           1  0.43s           2024-02-29T20:46:31
/opt/airflow/dags/dag_postgres_database.py                           1           0  0.32s           2024-02-29T20:46:35
================================================================================
[2024-02-29 20:47:04,747] {manager.py:690} INFO - Searching for files in /opt/airflow/dags
[2024-02-29 20:47:04,821] {manager.py:693} INFO - There are 2 files in /opt/airflow/dags
[2024-02-29 20:47:06,864] {manager.py:809} INFO - 
================================================================================
DAG File Processing Stats

File Path                                     PID  Runtime      # DAGs    # Errors  Last Runtime    Last Run
------------------------------------------  -----  ---------  --------  ----------  --------------  -------------------
/opt/airflow/dags/tareas.py                                          0           1  0.55s           2024-02-29T20:47:04
/opt/airflow/dags/dag_postgres_database.py    497  0.01s             1           0  0.34s           2024-02-29T20:46:56
================================================================================
[2024-02-29 20:47:37,204] {manager.py:809} INFO - 
================================================================================
DAG File Processing Stats

File Path                                   PID    Runtime      # DAGs    # Errors  Last Runtime    Last Run
------------------------------------------  -----  ---------  --------  ----------  --------------  -------------------
/opt/airflow/dags/tareas.py                                          0           1  0.48s           2024-02-29T20:47:36
/opt/airflow/dags/dag_postgres_database.py                           1           0  0.41s           2024-02-29T20:47:28
================================================================================
[2024-02-29 20:48:07,492] {manager.py:809} INFO - 
================================================================================
DAG File Processing Stats

File Path                                   PID    Runtime      # DAGs    # Errors  Last Runtime    Last Run
------------------------------------------  -----  ---------  --------  ----------  --------------  -------------------
/opt/airflow/dags/dag_postgres_database.py                           1           0  0.36s           2024-02-29T20:47:59
/opt/airflow/dags/tareas.py                                          1           0  0.65s           2024-02-29T20:47:57
================================================================================
[2024-02-29 20:48:37,593] {manager.py:809} INFO - 
================================================================================
DAG File Processing Stats

File Path                                   PID    Runtime      # DAGs    # Errors  Last Runtime    Last Run
------------------------------------------  -----  ---------  --------  ----------  --------------  -------------------
/opt/airflow/dags/dag_postgres_database.py                           1           0  0.30s           2024-02-29T20:48:30
/opt/airflow/dags/tareas.py                                          1           0  0.54s           2024-02-29T20:48:30
================================================================================
[2024-02-29 20:49:08,117] {manager.py:809} INFO - 
================================================================================
DAG File Processing Stats

File Path                                   PID    Runtime      # DAGs    # Errors  Last Runtime    Last Run
------------------------------------------  -----  ---------  --------  ----------  --------------  -------------------
/opt/airflow/dags/dag_postgres_database.py                           1           0  0.41s           2024-02-29T20:49:02
/opt/airflow/dags/tareas.py                                          1           0  0.50s           2024-02-29T20:49:02
================================================================================
[2024-02-29 20:49:38,515] {manager.py:809} INFO - 
================================================================================
DAG File Processing Stats

File Path                                   PID    Runtime      # DAGs    # Errors  Last Runtime    Last Run
------------------------------------------  -----  ---------  --------  ----------  --------------  -------------------
/opt/airflow/dags/dag_postgres_database.py                           1           0  0.39s           2024-02-29T20:49:33
/opt/airflow/dags/tareas.py                                          1           0  0.52s           2024-02-29T20:49:34
================================================================================
[2024-02-29 20:50:08,802] {manager.py:809} INFO - 
================================================================================
DAG File Processing Stats

File Path                                   PID    Runtime      # DAGs    # Errors  Last Runtime    Last Run
------------------------------------------  -----  ---------  --------  ----------  --------------  -------------------
/opt/airflow/dags/dag_postgres_database.py                           1           0  0.32s           2024-02-29T20:50:04
/opt/airflow/dags/tareas.py                                          1           0  0.54s           2024-02-29T20:50:07
================================================================================
[2024-02-29 20:50:39,036] {manager.py:809} INFO - 
================================================================================
DAG File Processing Stats

File Path                                     PID  Runtime      # DAGs    # Errors  Last Runtime    Last Run
------------------------------------------  -----  ---------  --------  ----------  --------------  -------------------
/opt/airflow/dags/dag_postgres_database.py                           1           0  0.32s           2024-02-29T20:50:36
/opt/airflow/dags/tareas.py                   725  0.01s             1           0  0.58s           2024-02-29T20:50:28
================================================================================
[2024-02-29 20:51:09,294] {manager.py:809} INFO - 
================================================================================
DAG File Processing Stats

File Path                                   PID    Runtime      # DAGs    # Errors  Last Runtime    Last Run
------------------------------------------  -----  ---------  --------  ----------  --------------  -------------------
/opt/airflow/dags/dag_postgres_database.py                           1           0  0.37s           2024-02-29T20:51:07
/opt/airflow/dags/tareas.py                                          1           0  0.53s           2024-02-29T20:51:01
================================================================================
[2024-02-29 20:51:39,407] {manager.py:809} INFO - 
================================================================================
DAG File Processing Stats

File Path                                   PID    Runtime      # DAGs    # Errors  Last Runtime    Last Run
------------------------------------------  -----  ---------  --------  ----------  --------------  -------------------
/opt/airflow/dags/dag_postgres_database.py                           1           0  0.30s           2024-02-29T20:51:38
/opt/airflow/dags/tareas.py                                          1           0  0.59s           2024-02-29T20:51:33
================================================================================
[2024-02-29 20:51:54,400] {manager.py:462} INFO - Exiting gracefully upon receiving signal 15
[2024-02-29 21:06:19,035] {manager.py:480} INFO - Processing files using up to 2 processes at a time 
[2024-02-29 21:06:19,037] {manager.py:481} INFO - Process each file at most once every 10 seconds
[2024-02-29 21:06:19,037] {manager.py:483} INFO - Checking for new files in /opt/airflow/dags every 300 seconds
[2024-02-29 21:06:19,038] {manager.py:690} INFO - Searching for files in /opt/airflow/dags
[2024-02-29 21:06:19,120] {manager.py:693} INFO - There are 2 files in /opt/airflow/dags
[2024-02-29 21:06:19,183] {manager.py:809} INFO - 
================================================================================
DAG File Processing Stats

File Path                                     PID  Runtime      # DAGs    # Errors  Last Runtime    Last Run
------------------------------------------  -----  ---------  --------  ----------  --------------  ----------
/opt/airflow/dags/dag_postgres_database.py    181  0.02s             0           0
/opt/airflow/dags/tareas.py                   178  0.02s             0           0
================================================================================
[2024-02-29 21:06:49,345] {manager.py:809} INFO - 
================================================================================
DAG File Processing Stats

File Path                                   PID    Runtime      # DAGs    # Errors  Last Runtime    Last Run
------------------------------------------  -----  ---------  --------  ----------  --------------  -------------------
/opt/airflow/dags/tareas.py                                          0           1  0.44s           2024-02-29T21:06:42
/opt/airflow/dags/dag_postgres_database.py                           1           0  0.36s           2024-02-29T21:06:41
================================================================================
[2024-02-29 21:07:19,450] {manager.py:809} INFO - 
================================================================================
DAG File Processing Stats

File Path                                   PID    Runtime      # DAGs    # Errors  Last Runtime    Last Run
------------------------------------------  -----  ---------  --------  ----------  --------------  -------------------
/opt/airflow/dags/tareas.py                                          0           1  0.46s           2024-02-29T21:07:13
/opt/airflow/dags/dag_postgres_database.py                           1           0  0.36s           2024-02-29T21:07:12
================================================================================
[2024-02-29 21:07:49,623] {manager.py:809} INFO - 
================================================================================
DAG File Processing Stats

File Path                                   PID    Runtime      # DAGs    # Errors  Last Runtime    Last Run
------------------------------------------  -----  ---------  --------  ----------  --------------  -------------------
/opt/airflow/dags/tareas.py                                          0           1  0.53s           2024-02-29T21:07:46
/opt/airflow/dags/dag_postgres_database.py                           1           0  0.33s           2024-02-29T21:07:43
================================================================================
[2024-02-29 21:08:19,818] {manager.py:809} INFO - 
================================================================================
DAG File Processing Stats

File Path                                   PID    Runtime      # DAGs    # Errors  Last Runtime    Last Run
------------------------------------------  -----  ---------  --------  ----------  --------------  -------------------
/opt/airflow/dags/tareas.py                                          0           1  0.56s           2024-02-29T21:08:18
/opt/airflow/dags/dag_postgres_database.py                           1           0  0.31s           2024-02-29T21:08:14
================================================================================
[2024-02-29 21:08:49,962] {manager.py:809} INFO - 
================================================================================
DAG File Processing Stats

File Path                                     PID  Runtime      # DAGs    # Errors  Last Runtime    Last Run
------------------------------------------  -----  ---------  --------  ----------  --------------  -------------------
/opt/airflow/dags/tareas.py                   337  0.01s             0           1  0.44s           2024-02-29T21:08:39
/opt/airflow/dags/dag_postgres_database.py                           1           0  0.38s           2024-02-29T21:08:46
================================================================================
[2024-02-29 21:09:20,030] {manager.py:809} INFO - 
================================================================================
DAG File Processing Stats

File Path                                   PID    Runtime      # DAGs    # Errors  Last Runtime    Last Run
------------------------------------------  -----  ---------  --------  ----------  --------------  -------------------
/opt/airflow/dags/tareas.py                                          0           1  0.54s           2024-02-29T21:09:11
/opt/airflow/dags/dag_postgres_database.py                           1           0  0.33s           2024-02-29T21:09:18
================================================================================
[2024-02-29 21:09:50,272] {manager.py:809} INFO - 
================================================================================
DAG File Processing Stats

File Path                                   PID    Runtime      # DAGs    # Errors  Last Runtime    Last Run
------------------------------------------  -----  ---------  --------  ----------  --------------  -------------------
/opt/airflow/dags/dag_postgres_database.py                           1           0  0.33s           2024-02-29T21:09:49
/opt/airflow/dags/tareas.py                                          1           0  1.62s           2024-02-29T21:09:45
================================================================================
[2024-02-29 21:10:20,442] {manager.py:809} INFO - 
================================================================================
DAG File Processing Stats

File Path                                     PID  Runtime      # DAGs    # Errors  Last Runtime    Last Run
------------------------------------------  -----  ---------  --------  ----------  --------------  -------------------
/opt/airflow/dags/dag_postgres_database.py    463  0.01s             1           0  0.43s           2024-02-29T21:10:10
/opt/airflow/dags/tareas.py                                          1           0  0.57s           2024-02-29T21:10:17
================================================================================
[2024-02-29 21:10:50,789] {manager.py:809} INFO - 
================================================================================
DAG File Processing Stats

File Path                                   PID    Runtime      # DAGs    # Errors  Last Runtime    Last Run
------------------------------------------  -----  ---------  --------  ----------  --------------  -------------------
/opt/airflow/dags/dag_postgres_database.py                           1           0  0.41s           2024-02-29T21:10:41
/opt/airflow/dags/tareas.py                                          1           0  0.47s           2024-02-29T21:10:50
================================================================================
[2024-02-29 21:10:51,793] {manager.py:1011} WARNING - Skipping processing of missing file: /opt/airflow/dags/dag_postgres_database.py
[2024-02-29 21:10:52,047] {manager.py:1011} WARNING - Skipping processing of missing file: /opt/airflow/dags/dag_postgres_database.py
[2024-02-29 21:10:52,797] {manager.py:1011} WARNING - Skipping processing of missing file: /opt/airflow/dags/dag_postgres_database.py
[2024-02-29 21:10:53,053] {manager.py:1011} WARNING - Skipping processing of missing file: /opt/airflow/dags/dag_postgres_database.py
[2024-02-29 21:10:53,805] {manager.py:1011} WARNING - Skipping processing of missing file: /opt/airflow/dags/dag_postgres_database.py
[2024-02-29 21:10:54,060] {manager.py:1011} WARNING - Skipping processing of missing file: /opt/airflow/dags/dag_postgres_database.py
[2024-02-29 21:10:54,812] {manager.py:1011} WARNING - Skipping processing of missing file: /opt/airflow/dags/dag_postgres_database.py
[2024-02-29 21:10:55,065] {manager.py:1011} WARNING - Skipping processing of missing file: /opt/airflow/dags/dag_postgres_database.py
[2024-02-29 21:10:55,820] {manager.py:1011} WARNING - Skipping processing of missing file: /opt/airflow/dags/dag_postgres_database.py
[2024-02-29 21:10:56,072] {manager.py:1011} WARNING - Skipping processing of missing file: /opt/airflow/dags/dag_postgres_database.py
[2024-02-29 21:10:56,828] {manager.py:1011} WARNING - Skipping processing of missing file: /opt/airflow/dags/dag_postgres_database.py
[2024-02-29 21:10:57,079] {manager.py:1011} WARNING - Skipping processing of missing file: /opt/airflow/dags/dag_postgres_database.py
[2024-02-29 21:10:57,836] {manager.py:1011} WARNING - Skipping processing of missing file: /opt/airflow/dags/dag_postgres_database.py
[2024-02-29 21:10:58,087] {manager.py:1011} WARNING - Skipping processing of missing file: /opt/airflow/dags/dag_postgres_database.py
[2024-02-29 21:10:58,844] {manager.py:1011} WARNING - Skipping processing of missing file: /opt/airflow/dags/dag_postgres_database.py
[2024-02-29 21:10:59,094] {manager.py:1011} WARNING - Skipping processing of missing file: /opt/airflow/dags/dag_postgres_database.py
[2024-02-29 21:10:59,850] {manager.py:1011} WARNING - Skipping processing of missing file: /opt/airflow/dags/dag_postgres_database.py
[2024-02-29 21:11:00,101] {manager.py:1011} WARNING - Skipping processing of missing file: /opt/airflow/dags/dag_postgres_database.py
[2024-02-29 21:11:00,722] {manager.py:1011} WARNING - Skipping processing of missing file: /opt/airflow/dags/dag_postgres_database.py
[2024-02-29 21:11:01,110] {manager.py:1011} WARNING - Skipping processing of missing file: /opt/airflow/dags/dag_postgres_database.py
[2024-02-29 21:11:01,167] {manager.py:462} INFO - Exiting gracefully upon receiving signal 15
[2024-02-29 21:11:29,621] {manager.py:480} INFO - Processing files using up to 2 processes at a time 
[2024-02-29 21:11:29,622] {manager.py:481} INFO - Process each file at most once every 10 seconds
[2024-02-29 21:11:29,622] {manager.py:483} INFO - Checking for new files in /opt/airflow/dags every 300 seconds
[2024-02-29 21:11:29,623] {manager.py:690} INFO - Searching for files in /opt/airflow/dags
[2024-02-29 21:11:29,659] {manager.py:693} INFO - There are 1 files in /opt/airflow/dags
[2024-02-29 21:11:29,721] {manager.py:809} INFO - 
================================================================================
DAG File Processing Stats

File Path                      PID  Runtime      # DAGs    # Errors  Last Runtime    Last Run
---------------------------  -----  ---------  --------  ----------  --------------  ----------
/opt/airflow/dags/tareas.py    177  0.01s             0           0
================================================================================
[2024-02-29 21:11:59,928] {manager.py:809} INFO - 
================================================================================
DAG File Processing Stats

File Path                    PID    Runtime      # DAGs    # Errors  Last Runtime    Last Run
---------------------------  -----  ---------  --------  ----------  --------------  -------------------
/opt/airflow/dags/tareas.py                           1           0  0.53s           2024-02-29T21:11:51
================================================================================
[2024-02-29 21:12:30,150] {manager.py:809} INFO - 
================================================================================
DAG File Processing Stats

File Path                    PID    Runtime      # DAGs    # Errors  Last Runtime    Last Run
---------------------------  -----  ---------  --------  ----------  --------------  -------------------
/opt/airflow/dags/tareas.py                           1           0  0.61s           2024-02-29T21:12:23
================================================================================
[2024-02-29 21:13:00,522] {manager.py:809} INFO - 
================================================================================
DAG File Processing Stats

File Path                    PID    Runtime      # DAGs    # Errors  Last Runtime    Last Run
---------------------------  -----  ---------  --------  ----------  --------------  -------------------
/opt/airflow/dags/tareas.py                           1           0  0.53s           2024-02-29T21:12:55
================================================================================
[2024-02-29 21:13:30,661] {manager.py:809} INFO - 
================================================================================
DAG File Processing Stats

File Path                    PID    Runtime      # DAGs    # Errors  Last Runtime    Last Run
---------------------------  -----  ---------  --------  ----------  --------------  -------------------
/opt/airflow/dags/tareas.py                           1           0  0.74s           2024-02-29T21:13:28
================================================================================
[2024-02-29 21:14:01,343] {manager.py:809} INFO - 
================================================================================
DAG File Processing Stats

File Path                    PID    Runtime      # DAGs    # Errors  Last Runtime    Last Run
---------------------------  -----  ---------  --------  ----------  --------------  -------------------
/opt/airflow/dags/tareas.py                           1           0  0.53s           2024-02-29T21:14:00
================================================================================
[2024-02-29 21:14:31,108] {manager.py:511} INFO - DAG ingestion_data is missing and will be deactivated.
[2024-02-29 21:14:31,118] {manager.py:521} INFO - Deactivated 1 DAGs which are no longer present in file.
[2024-02-29 21:14:31,594] {manager.py:809} INFO - 
================================================================================
DAG File Processing Stats

File Path                      PID  Runtime      # DAGs    # Errors  Last Runtime    Last Run
---------------------------  -----  ---------  --------  ----------  --------------  -------------------
/opt/airflow/dags/tareas.py    295  0.01s             1           0  0.48s           2024-02-29T21:14:21
================================================================================
[2024-02-29 21:15:01,854] {manager.py:809} INFO - 
================================================================================
DAG File Processing Stats

File Path                    PID    Runtime      # DAGs    # Errors  Last Runtime    Last Run
---------------------------  -----  ---------  --------  ----------  --------------  -------------------
/opt/airflow/dags/tareas.py                           1           0  0.52s           2024-02-29T21:14:53
================================================================================
[2024-02-29 21:15:32,084] {manager.py:809} INFO - 
================================================================================
DAG File Processing Stats

File Path                    PID    Runtime      # DAGs    # Errors  Last Runtime    Last Run
---------------------------  -----  ---------  --------  ----------  --------------  -------------------
/opt/airflow/dags/tareas.py                           1           0  0.51s           2024-02-29T21:15:25
================================================================================
[2024-02-29 21:16:02,346] {manager.py:809} INFO - 
================================================================================
DAG File Processing Stats

File Path                    PID    Runtime      # DAGs    # Errors  Last Runtime    Last Run
---------------------------  -----  ---------  --------  ----------  --------------  -------------------
/opt/airflow/dags/tareas.py                           1           0  0.54s           2024-02-29T21:15:56
================================================================================
[2024-02-29 21:16:29,626] {manager.py:690} INFO - Searching for files in /opt/airflow/dags
[2024-02-29 21:16:29,721] {manager.py:693} INFO - There are 1 files in /opt/airflow/dags
[2024-02-29 21:16:32,557] {manager.py:809} INFO - 
================================================================================
DAG File Processing Stats

File Path                    PID    Runtime      # DAGs    # Errors  Last Runtime    Last Run
---------------------------  -----  ---------  --------  ----------  --------------  -------------------
/opt/airflow/dags/tareas.py                           1           0  0.58s           2024-02-29T21:16:28
================================================================================
[2024-02-29 21:17:02,584] {manager.py:809} INFO - 
================================================================================
DAG File Processing Stats

File Path                    PID    Runtime      # DAGs    # Errors  Last Runtime    Last Run
---------------------------  -----  ---------  --------  ----------  --------------  -------------------
/opt/airflow/dags/tareas.py                           1           0  0.50s           2024-02-29T21:17:00
================================================================================
[2024-02-29 21:17:32,612] {manager.py:809} INFO - 
================================================================================
DAG File Processing Stats

File Path                    PID    Runtime      # DAGs    # Errors  Last Runtime    Last Run
---------------------------  -----  ---------  --------  ----------  --------------  -------------------
/opt/airflow/dags/tareas.py                           1           0  0.42s           2024-02-29T21:17:32
================================================================================
[2024-02-29 21:18:03,018] {manager.py:809} INFO - 
================================================================================
DAG File Processing Stats

File Path                      PID  Runtime      # DAGs    # Errors  Last Runtime    Last Run
---------------------------  -----  ---------  --------  ----------  --------------  -------------------
/opt/airflow/dags/tareas.py    415  0.01s             1           0  0.44s           2024-02-29T21:17:52
================================================================================
[2024-02-29 21:18:33,384] {manager.py:809} INFO - 
================================================================================
DAG File Processing Stats

File Path                    PID    Runtime      # DAGs    # Errors  Last Runtime    Last Run
---------------------------  -----  ---------  --------  ----------  --------------  -------------------
/opt/airflow/dags/tareas.py                           1           0  0.39s           2024-02-29T21:18:24
================================================================================
[2024-02-29 21:19:03,789] {manager.py:809} INFO - 
================================================================================
DAG File Processing Stats

File Path                    PID    Runtime      # DAGs    # Errors  Last Runtime    Last Run
---------------------------  -----  ---------  --------  ----------  --------------  -------------------
/opt/airflow/dags/tareas.py                           1           0  0.42s           2024-02-29T21:18:55
================================================================================
[2024-02-29 21:19:33,820] {manager.py:809} INFO - 
================================================================================
DAG File Processing Stats

File Path                    PID    Runtime      # DAGs    # Errors  Last Runtime    Last Run
---------------------------  -----  ---------  --------  ----------  --------------  -------------------
/opt/airflow/dags/tareas.py                           1           0  0.42s           2024-02-29T21:19:27
================================================================================
[2024-02-29 21:20:04,189] {manager.py:809} INFO - 
================================================================================
DAG File Processing Stats

File Path                    PID    Runtime      # DAGs    # Errors  Last Runtime    Last Run
---------------------------  -----  ---------  --------  ----------  --------------  -------------------
/opt/airflow/dags/tareas.py                           1           0  0.42s           2024-02-29T21:19:58
================================================================================
[2024-02-29 21:20:34,568] {manager.py:809} INFO - 
================================================================================
DAG File Processing Stats

File Path                    PID    Runtime      # DAGs    # Errors  Last Runtime    Last Run
---------------------------  -----  ---------  --------  ----------  --------------  -------------------
/opt/airflow/dags/tareas.py                           1           0  0.40s           2024-02-29T21:20:29
================================================================================
[2024-02-29 21:21:04,925] {manager.py:809} INFO - 
================================================================================
DAG File Processing Stats

File Path                    PID    Runtime      # DAGs    # Errors  Last Runtime    Last Run
---------------------------  -----  ---------  --------  ----------  --------------  -------------------
/opt/airflow/dags/tareas.py                           1           0  0.40s           2024-02-29T21:21:01
================================================================================
[2024-02-29 21:21:29,855] {manager.py:690} INFO - Searching for files in /opt/airflow/dags
[2024-02-29 21:21:29,917] {manager.py:693} INFO - There are 1 files in /opt/airflow/dags
[2024-02-29 21:21:35,688] {manager.py:809} INFO - 
================================================================================
DAG File Processing Stats

File Path                    PID    Runtime      # DAGs    # Errors  Last Runtime    Last Run
---------------------------  -----  ---------  --------  ----------  --------------  -------------------
/opt/airflow/dags/tareas.py                           1           0  0.46s           2024-02-29T21:21:34
================================================================================
[2024-02-29 21:22:05,696] {manager.py:809} INFO - 
================================================================================
DAG File Processing Stats

File Path                      PID  Runtime      # DAGs    # Errors  Last Runtime    Last Run
---------------------------  -----  ---------  --------  ----------  --------------  -------------------
/opt/airflow/dags/tareas.py    559  0.00s             1           0  0.42s           2024-02-29T21:21:55
================================================================================
[2024-02-29 21:22:36,078] {manager.py:809} INFO - 
================================================================================
DAG File Processing Stats

File Path                    PID    Runtime      # DAGs    # Errors  Last Runtime    Last Run
---------------------------  -----  ---------  --------  ----------  --------------  -------------------
/opt/airflow/dags/tareas.py                           1           0  0.42s           2024-02-29T21:22:28
================================================================================
[2024-02-29 21:23:06,519] {manager.py:809} INFO - 
================================================================================
DAG File Processing Stats

File Path                    PID    Runtime      # DAGs    # Errors  Last Runtime    Last Run
---------------------------  -----  ---------  --------  ----------  --------------  -------------------
/opt/airflow/dags/tareas.py                           1           0  0.45s           2024-02-29T21:22:59
================================================================================
[2024-02-29 21:23:36,558] {manager.py:809} INFO - 
================================================================================
DAG File Processing Stats

File Path                    PID    Runtime      # DAGs    # Errors  Last Runtime    Last Run
---------------------------  -----  ---------  --------  ----------  --------------  -------------------
/opt/airflow/dags/tareas.py                           1           0  0.43s           2024-02-29T21:23:30
================================================================================
[2024-02-29 21:24:06,883] {manager.py:809} INFO - 
================================================================================
DAG File Processing Stats

File Path                    PID    Runtime      # DAGs    # Errors  Last Runtime    Last Run
---------------------------  -----  ---------  --------  ----------  --------------  -------------------
/opt/airflow/dags/tareas.py                           1           0  0.40s           2024-02-29T21:24:02
================================================================================
[2024-02-29 21:24:37,281] {manager.py:809} INFO - 
================================================================================
DAG File Processing Stats

File Path                    PID    Runtime      # DAGs    # Errors  Last Runtime    Last Run
---------------------------  -----  ---------  --------  ----------  --------------  -------------------
/opt/airflow/dags/tareas.py                           1           0  0.39s           2024-02-29T21:24:33
================================================================================
[2024-02-29 21:25:07,666] {manager.py:809} INFO - 
================================================================================
DAG File Processing Stats

File Path                    PID    Runtime      # DAGs    # Errors  Last Runtime    Last Run
---------------------------  -----  ---------  --------  ----------  --------------  -------------------
/opt/airflow/dags/tareas.py                           1           0  0.40s           2024-02-29T21:25:05
================================================================================
[2024-02-29 21:25:38,103] {manager.py:809} INFO - 
================================================================================
DAG File Processing Stats

File Path                    PID    Runtime      # DAGs    # Errors  Last Runtime    Last Run
---------------------------  -----  ---------  --------  ----------  --------------  -------------------
/opt/airflow/dags/tareas.py                           1           0  0.46s           2024-02-29T21:25:36
================================================================================
[2024-02-29 21:26:08,142] {manager.py:809} INFO - 
================================================================================
DAG File Processing Stats

File Path                    PID    Runtime      # DAGs    # Errors  Last Runtime    Last Run
---------------------------  -----  ---------  --------  ----------  --------------  -------------------
/opt/airflow/dags/tareas.py                           1           0  0.48s           2024-02-29T21:26:08
================================================================================
[2024-02-29 21:26:30,093] {manager.py:690} INFO - Searching for files in /opt/airflow/dags
[2024-02-29 21:26:30,175] {manager.py:693} INFO - There are 1 files in /opt/airflow/dags
[2024-02-29 21:26:38,236] {manager.py:809} INFO - 
================================================================================
DAG File Processing Stats

File Path                    PID    Runtime      # DAGs    # Errors  Last Runtime    Last Run
---------------------------  -----  ---------  --------  ----------  --------------  -------------------
/opt/airflow/dags/tareas.py                           1           0  0.42s           2024-02-29T21:26:29
================================================================================
[2024-02-29 21:27:08,285] {manager.py:809} INFO - 
================================================================================
DAG File Processing Stats

File Path                    PID    Runtime      # DAGs    # Errors  Last Runtime    Last Run
---------------------------  -----  ---------  --------  ----------  --------------  -------------------
/opt/airflow/dags/tareas.py                           1           0  0.37s           2024-02-29T21:27:00
================================================================================
[2024-02-29 21:27:38,627] {manager.py:809} INFO - 
================================================================================
DAG File Processing Stats

File Path                    PID    Runtime      # DAGs    # Errors  Last Runtime    Last Run
---------------------------  -----  ---------  --------  ----------  --------------  -------------------
/opt/airflow/dags/tareas.py                           1           0  0.41s           2024-02-29T21:27:31
================================================================================
[2024-02-29 21:28:09,042] {manager.py:809} INFO - 
================================================================================
DAG File Processing Stats

File Path                    PID    Runtime      # DAGs    # Errors  Last Runtime    Last Run
---------------------------  -----  ---------  --------  ----------  --------------  -------------------
/opt/airflow/dags/tareas.py                           1           0  0.42s           2024-02-29T21:28:03
================================================================================
[2024-02-29 21:28:39,406] {manager.py:809} INFO - 
================================================================================
DAG File Processing Stats

File Path                    PID    Runtime      # DAGs    # Errors  Last Runtime    Last Run
---------------------------  -----  ---------  --------  ----------  --------------  -------------------
/opt/airflow/dags/tareas.py                           1           0  0.42s           2024-02-29T21:28:34
================================================================================
[2024-02-29 21:29:09,841] {manager.py:809} INFO - 
================================================================================
DAG File Processing Stats

File Path                    PID    Runtime      # DAGs    # Errors  Last Runtime    Last Run
---------------------------  -----  ---------  --------  ----------  --------------  -------------------
/opt/airflow/dags/tareas.py                           1           0  0.44s           2024-02-29T21:29:06
================================================================================
[2024-02-29 21:29:40,337] {manager.py:809} INFO - 
================================================================================
DAG File Processing Stats

File Path                    PID    Runtime      # DAGs    # Errors  Last Runtime    Last Run
---------------------------  -----  ---------  --------  ----------  --------------  -------------------
/opt/airflow/dags/tareas.py                           1           0  0.40s           2024-02-29T21:29:37
================================================================================
[2024-02-29 21:30:10,656] {manager.py:809} INFO - 
================================================================================
DAG File Processing Stats

File Path                    PID    Runtime      # DAGs    # Errors  Last Runtime    Last Run
---------------------------  -----  ---------  --------  ----------  --------------  -------------------
/opt/airflow/dags/tareas.py                           1           0  0.47s           2024-02-29T21:30:09
================================================================================
[2024-02-29 21:30:41,139] {manager.py:809} INFO - 
================================================================================
DAG File Processing Stats

File Path                    PID    Runtime      # DAGs    # Errors  Last Runtime    Last Run
---------------------------  -----  ---------  --------  ----------  --------------  -------------------
/opt/airflow/dags/tareas.py                           1           0  0.44s           2024-02-29T21:30:40
================================================================================
[2024-02-29 21:31:11,151] {manager.py:809} INFO - 
================================================================================
DAG File Processing Stats

File Path                    PID    Runtime      # DAGs    # Errors  Last Runtime    Last Run
---------------------------  -----  ---------  --------  ----------  --------------  -------------------
/opt/airflow/dags/tareas.py                           1           0  0.43s           2024-02-29T21:31:01
================================================================================
[2024-02-29 21:31:30,489] {manager.py:690} INFO - Searching for files in /opt/airflow/dags
[2024-02-29 21:31:30,598] {manager.py:693} INFO - There are 1 files in /opt/airflow/dags
[2024-02-29 21:31:41,671] {manager.py:809} INFO - 
================================================================================
DAG File Processing Stats

File Path                    PID    Runtime      # DAGs    # Errors  Last Runtime    Last Run
---------------------------  -----  ---------  --------  ----------  --------------  -------------------
/opt/airflow/dags/tareas.py                           1           0  0.39s           2024-02-29T21:31:33
================================================================================
[2024-02-29 21:32:12,090] {manager.py:809} INFO - 
================================================================================
DAG File Processing Stats

File Path                    PID    Runtime      # DAGs    # Errors  Last Runtime    Last Run
---------------------------  -----  ---------  --------  ----------  --------------  -------------------
/opt/airflow/dags/tareas.py                           1           0  0.44s           2024-02-29T21:32:04
================================================================================
[2024-02-29 21:32:40,027] {manager.py:462} INFO - Exiting gracefully upon receiving signal 15
[2024-03-18 22:35:28,069] {manager.py:480} INFO - Processing files using up to 2 processes at a time 
[2024-03-18 22:35:28,069] {manager.py:481} INFO - Process each file at most once every 10 seconds
[2024-03-18 22:35:28,070] {manager.py:483} INFO - Checking for new files in /opt/airflow/dags every 300 seconds
[2024-03-18 22:35:28,070] {manager.py:690} INFO - Searching for files in /opt/airflow/dags
[2024-03-18 22:35:28,140] {manager.py:693} INFO - There are 2 files in /opt/airflow/dags
[2024-03-18 22:35:28,193] {manager.py:809} INFO - 
================================================================================
DAG File Processing Stats

File Path                       PID  Runtime      # DAGs    # Errors  Last Runtime    Last Run
----------------------------  -----  ---------  --------  ----------  --------------  ----------
/opt/airflow/dags/tareas.py     182  0.02s             0           0
/opt/airflow/dags/tareas2.py    179  0.02s             0           0
================================================================================
[2024-03-18 22:35:59,095] {manager.py:809} INFO - 
================================================================================
DAG File Processing Stats

File Path                     PID    Runtime      # DAGs    # Errors  Last Runtime    Last Run
----------------------------  -----  ---------  --------  ----------  --------------  -------------------
/opt/airflow/dags/tareas2.py                           0           1  1.66s           2024-03-18T22:35:54
/opt/airflow/dags/tareas.py                            1           0  1.68s           2024-03-18T22:35:54
================================================================================
[2024-03-18 22:36:29,349] {manager.py:809} INFO - 
================================================================================
DAG File Processing Stats

File Path                       PID  Runtime      # DAGs    # Errors  Last Runtime    Last Run
----------------------------  -----  ---------  --------  ----------  --------------  -------------------
/opt/airflow/dags/tareas.py     251  1.57s             1           0  1.73s           2024-03-18T22:36:17
/opt/airflow/dags/tareas2.py                           1           0  1.58s           2024-03-18T22:36:27
================================================================================
[2024-03-18 22:36:59,914] {manager.py:809} INFO - 
================================================================================
DAG File Processing Stats

File Path                     PID    Runtime      # DAGs    # Errors  Last Runtime    Last Run
----------------------------  -----  ---------  --------  ----------  --------------  -------------------
/opt/airflow/dags/tareas.py                            1           0  1.67s           2024-03-18T22:36:52
/opt/airflow/dags/tareas2.py                           1           0  1.72s           2024-03-18T22:36:50
================================================================================
[2024-03-18 22:37:09,961] {manager.py:462} INFO - Exiting gracefully upon receiving signal 15
