[2024-02-29 14:37:28,075] {taskinstance.py:1179} INFO - Dependencies all met for <TaskInstance: dag_con_conexion_redshift.insertar_en_tabla scheduled__2022-10-11T03:00:00+00:00 [queued]>
[2024-02-29 14:37:28,127] {taskinstance.py:1179} INFO - Dependencies all met for <TaskInstance: dag_con_conexion_redshift.insertar_en_tabla scheduled__2022-10-11T03:00:00+00:00 [queued]>
[2024-02-29 14:37:28,130] {taskinstance.py:1376} INFO - 
--------------------------------------------------------------------------------
[2024-02-29 14:37:28,142] {taskinstance.py:1377} INFO - Starting attempt 1 of 6
[2024-02-29 14:37:28,142] {taskinstance.py:1378} INFO - 
--------------------------------------------------------------------------------
[2024-02-29 14:37:28,255] {taskinstance.py:1397} INFO - Executing <Task(RedshiftSQLOperator): insertar_en_tabla> on 2022-10-11 03:00:00+00:00
[2024-02-29 14:37:28,286] {standard_task_runner.py:52} INFO - Started process 901 to run task
[2024-02-29 14:37:28,290] {standard_task_runner.py:79} INFO - Running: ['***', 'tasks', 'run', 'dag_con_conexion_redshift', 'insertar_en_tabla', 'scheduled__2022-10-11T03:00:00+00:00', '--job-id', '137', '--raw', '--subdir', 'DAGS_FOLDER/dag_postgres_database.py', '--cfg-path', '/tmp/tmpjhqhyjo_', '--error-file', '/tmp/tmpkzpwi8ba']
[2024-02-29 14:37:28,292] {standard_task_runner.py:80} INFO - Job 137: Subtask insertar_en_tabla
[2024-02-29 14:37:28,405] {task_command.py:371} INFO - Running <TaskInstance: dag_con_conexion_redshift.insertar_en_tabla scheduled__2022-10-11T03:00:00+00:00 [running]> on host 85ed7e7789a6
[2024-02-29 14:37:28,563] {taskinstance.py:1591} INFO - Exporting the following env vars:
AIRFLOW_CTX_DAG_OWNER=Joaco
AIRFLOW_CTX_DAG_ID=dag_con_conexion_redshift
AIRFLOW_CTX_TASK_ID=insertar_en_tabla
AIRFLOW_CTX_EXECUTION_DATE=2022-10-11T03:00:00+00:00
AIRFLOW_CTX_TRY_NUMBER=1
AIRFLOW_CTX_DAG_RUN_ID=scheduled__2022-10-11T03:00:00+00:00
[2024-02-29 14:37:28,564] {redshift_sql.py:76} INFO - Executing statement: 
            insert into fin_mundo (dt,pais) values ('12-12-2025','Colombia');
        
        
[2024-02-29 14:37:28,586] {base.py:68} INFO - Using connection ID 'redshift_keys' for task execution.
[2024-02-29 14:37:30,046] {dbapi.py:231} INFO - Running statement: 
            insert into fin_mundo (dt,pais) values ('12-12-2025','Colombia');
        
        , parameters: None
[2024-02-29 14:37:30,572] {dbapi.py:239} INFO - Rows affected: 1
[2024-02-29 14:37:30,583] {taskinstance.py:1420} INFO - Marking task as SUCCESS. dag_id=dag_con_conexion_redshift, task_id=insertar_en_tabla, execution_date=20221011T030000, start_date=20240229T143728, end_date=20240229T143730
[2024-02-29 14:37:30,615] {local_task_job.py:156} INFO - Task exited with return code 0
[2024-02-29 14:37:30,640] {local_task_job.py:273} INFO - 0 downstream tasks scheduled from follow-on schedule check
