[2024-02-29 20:48:35,401] {taskinstance.py:1179} INFO - Dependencies all met for <TaskInstance: ingestion_data.extraer_data scheduled__2024-02-28T20:48:30.516308+00:00 [queued]>
[2024-02-29 20:48:35,413] {taskinstance.py:1179} INFO - Dependencies all met for <TaskInstance: ingestion_data.extraer_data scheduled__2024-02-28T20:48:30.516308+00:00 [queued]>
[2024-02-29 20:48:35,413] {taskinstance.py:1376} INFO - 
--------------------------------------------------------------------------------
[2024-02-29 20:48:35,414] {taskinstance.py:1377} INFO - Starting attempt 1 of 2
[2024-02-29 20:48:35,415] {taskinstance.py:1378} INFO - 
--------------------------------------------------------------------------------
[2024-02-29 20:48:35,432] {taskinstance.py:1397} INFO - Executing <Task(PythonOperator): extraer_data> on 2024-02-28 20:48:30.516308+00:00
[2024-02-29 20:48:35,438] {standard_task_runner.py:52} INFO - Started process 592 to run task
[2024-02-29 20:48:35,440] {standard_task_runner.py:79} INFO - Running: ['***', 'tasks', 'run', 'ingestion_data', 'extraer_data', 'scheduled__2024-02-28T20:48:30.516308+00:00', '--job-id', '165', '--raw', '--subdir', 'DAGS_FOLDER/tareas.py', '--cfg-path', '/tmp/tmpw36zrom2', '--error-file', '/tmp/tmpntcehehw']
[2024-02-29 20:48:35,442] {standard_task_runner.py:80} INFO - Job 165: Subtask extraer_data
[2024-02-29 20:48:35,502] {task_command.py:371} INFO - Running <TaskInstance: ingestion_data.extraer_data scheduled__2024-02-28T20:48:30.516308+00:00 [running]> on host dc73aa51ce40
[2024-02-29 20:48:35,578] {taskinstance.py:1591} INFO - Exporting the following env vars:
AIRFLOW_CTX_DAG_OWNER=***
AIRFLOW_CTX_DAG_ID=ingestion_data
AIRFLOW_CTX_TASK_ID=extraer_data
AIRFLOW_CTX_EXECUTION_DATE=2024-02-28T20:48:30.516308+00:00
AIRFLOW_CTX_TRY_NUMBER=1
AIRFLOW_CTX_DAG_RUN_ID=scheduled__2024-02-28T20:48:30.516308+00:00
[2024-02-29 20:48:36,583] {python.py:173} INFO - Done. Returned value was: {'Id': {0: '7c2WkKzBjnWOteN21cKyzf', 1: '7ap8DpQfhHBIONsAA1Hf2V', 2: '4IwMAKQOj1UpkX1ZzpR6bP', 3: '2lyAbYuWH50vfeSqJNVT7S', 4: '6bCgAxHOqIAyqGPgwCkWVZ', 5: '3xjfJceMt6fjQRpEYsCpaX', 6: '55rfQ1Li7QNFg0mgFuyUqS', 7: '0GigDSchpo4bQuLqCkVjyr', 8: '2mrs7WLa7K9bFYYrVMrXkX', 9: '3xehaPbni7KSEmkSdyIivN', 10: '3jkiz5QPx0YmIw3R1ihXzL', 11: '7Fm0C877GFuG36i2ZDZIeU'}, 'Artista': {0: 'international podcast', 1: 'aamin', 2: 'international podcast', 3: 'kuzicookedit', 4: '2024 Moon', 5: 'Martín Acertijo', 6: '2024 Moon', 7: 'ayoub hajji', 8: '2024 Moon', 9: 'Jbx718', 10: 'Claudiu Bordeianu', 11: 'Claudiu Bordeianu'}, 'Podcast': {0: 'Robert Kiyosaki How To Protect Your Cash in 2024 5 Assets That Are Better And Secure Than Cash', 1: '2024, Musique', 2: 'MOTIVATION TO START WORKING OUT IN 2024 getting back on track and starting your fitness journey', 3: '2024 (House)', 4: 'Soothing Sounds', 5: '2024', 6: 'Space for Healing', 7: 'Music 2024', 8: 'Strange Music', 9: '2024 ROMPE SUEÑO/SHATTER DREAMS PODCAST THEME SONG', 10: 'Dj Trubadur Fain Vibe February 2024 - Live Mix @ Balamuc Podcast 12 x EUU.ro', 11: 'Dj Trubadur Fain Vibe January 2024 - Live Mix @ Balamuc Podcast 11 x EUU.ro'}, 'Duracion': {0: 851330, 1: 540257, 2: 2391092, 3: 64864, 4: 373000, 5: 145448, 6: 324999, 7: 82099, 8: 354000, 9: 127847, 10: 128537, 11: 129283}, 'Genero': {0: 'Sin Dato', 1: 'Sin Dato', 2: 'Sin Dato', 3: 'Sin Dato', 4: 'Sin Dato', 5: 'Sin Dato', 6: 'Sin Dato', 7: 'Sin Dato', 8: 'Sin Dato', 9: 'Sin Dato', 10: 'Sin Dato', 11: 'Sin Dato'}, 'Album': {0: 'Robert Kiyosaki How To Protect Your Cash in 2024 5 Assets That Are Better And Secure Than Cash', 1: '2024, Musique', 2: 'MOTIVATION TO START WORKING OUT IN 2024 getting back on track and starting your fitness journey', 3: '2024 (House)', 4: 'Educational Podcast Soundscapes: Ambient Background Music for Podcast', 5: '2024', 6: 'Educational Podcast Soundscapes: Ambient Background Music for Podcast', 7: 'Music 2024', 8: 'Educational Podcast Soundscapes: Ambient Background Music for Podcast', 9: '2024 ROMPE SUEÑO/SHATTER DREAMS PODCAST THEME SONG', 10: 'Dj Trubadur Fain Vibe February 2024 (Live Mix @ Balamuc Podcast 12 x EUU.ro)', 11: 'Dj Trubadur Fain Vibe January 2024 (Live Mix @ Balamuc Podcast 11 x EUU.ro)'}, 'Album_img': {0: 'https://i.scdn.co/image/ab67616d0000b2736e5190f5db08d69bd7b8c888', 1: 'https://i.scdn.co/image/ab67616d0000b2736314320cad818015bd329550', 2: 'https://i.scdn.co/image/ab67616d0000b273e0865b97f89a988fb6cf2aaa', 3: 'https://i.scdn.co/image/ab67616d0000b273543f8cce0412db50678b4935', 4: 'https://i.scdn.co/image/ab67616d0000b2730f4d2429ffaeb360399a830c', 5: 'https://i.scdn.co/image/ab67616d0000b2738910acd385633897c6d675df', 6: 'https://i.scdn.co/image/ab67616d0000b2730f4d2429ffaeb360399a830c', 7: 'https://i.scdn.co/image/ab67616d0000b2736d382987b273dcbec1f93408', 8: 'https://i.scdn.co/image/ab67616d0000b2730f4d2429ffaeb360399a830c', 9: 'https://i.scdn.co/image/ab67616d0000b27358971eca3637d90c1aa0ee56', 10: 'https://i.scdn.co/image/ab67616d0000b2734742f66497c68a6a90366cc3', 11: 'https://i.scdn.co/image/ab67616d0000b273b412f278e07bcfd0f92c0e1e'}, 'Episodios': {0: 1, 1: 1, 2: 1, 3: 1, 4: 18, 5: 2, 6: 18, 7: 1, 8: 18, 9: 1, 10: 1, 11: 1}, 'Popularidad': {0: 3, 1: 2, 2: 2, 3: 1, 4: 0, 5: 12, 6: 0, 7: 1, 8: 0, 9: 0, 10: 0, 11: 0}, 'Fecha_Lanzamiento': {0: '2023-12-28', 1: '2024-01-01', 2: '2023-12-29', 3: '2024-02-12', 4: '2022-02-04', 5: '2024-02-15', 6: '2022-02-04', 7: '2024-01-31', 8: '2022-02-04', 9: '2024-02-02', 10: '2024-01-22', 11: '2023-12-20'}, 'Fecha_Modificacion': {0: '2024-02-29', 1: '2024-02-29', 2: '2024-02-29', 3: '2024-02-29', 4: '2024-02-29', 5: '2024-02-29', 6: '2024-02-29', 7: '2024-02-29', 8: '2024-02-29', 9: '2024-02-29', 10: '2024-02-29', 11: '2024-02-29'}}
[2024-02-29 20:48:36,629] {taskinstance.py:1420} INFO - Marking task as SUCCESS. dag_id=ingestion_data, task_id=extraer_data, execution_date=20240228T204830, start_date=20240229T204835, end_date=20240229T204836
[2024-02-29 20:48:36,660] {local_task_job.py:156} INFO - Task exited with return code 0
[2024-02-29 20:48:36,728] {local_task_job.py:273} INFO - 1 downstream tasks scheduled from follow-on schedule check
