[2024-02-29 21:23:43,089] {taskinstance.py:1179} INFO - Dependencies all met for <TaskInstance: ingestar_data.conectar_redshift scheduled__2024-02-28T21:23:30.906059+00:00 [queued]>
[2024-02-29 21:23:43,098] {taskinstance.py:1179} INFO - Dependencies all met for <TaskInstance: ingestar_data.conectar_redshift scheduled__2024-02-28T21:23:30.906059+00:00 [queued]>
[2024-02-29 21:23:43,098] {taskinstance.py:1376} INFO - 
--------------------------------------------------------------------------------
[2024-02-29 21:23:43,100] {taskinstance.py:1377} INFO - Starting attempt 1 of 2
[2024-02-29 21:23:43,100] {taskinstance.py:1378} INFO - 
--------------------------------------------------------------------------------
[2024-02-29 21:23:43,113] {taskinstance.py:1397} INFO - Executing <Task(PythonOperator): conectar_redshift> on 2024-02-28 21:23:30.906059+00:00
[2024-02-29 21:23:43,118] {standard_task_runner.py:52} INFO - Started process 630 to run task
[2024-02-29 21:23:43,120] {standard_task_runner.py:79} INFO - Running: ['***', 'tasks', 'run', 'ingestar_data', 'conectar_redshift', 'scheduled__2024-02-28T21:23:30.906059+00:00', '--job-id', '23', '--raw', '--subdir', 'DAGS_FOLDER/tareas.py', '--cfg-path', '/tmp/tmpb692vltz', '--error-file', '/tmp/tmpjuhm0144']
[2024-02-29 21:23:43,122] {standard_task_runner.py:80} INFO - Job 23: Subtask conectar_redshift
[2024-02-29 21:23:43,173] {task_command.py:371} INFO - Running <TaskInstance: ingestar_data.conectar_redshift scheduled__2024-02-28T21:23:30.906059+00:00 [running]> on host 7b7d0ec4f6af
[2024-02-29 21:23:43,231] {taskinstance.py:1591} INFO - Exporting the following env vars:
AIRFLOW_CTX_DAG_OWNER=***
AIRFLOW_CTX_DAG_ID=ingestar_data
AIRFLOW_CTX_TASK_ID=conectar_redshift
AIRFLOW_CTX_EXECUTION_DATE=2024-02-28T21:23:30.906059+00:00
AIRFLOW_CTX_TRY_NUMBER=1
AIRFLOW_CTX_DAG_RUN_ID=scheduled__2024-02-28T21:23:30.906059+00:00
[2024-02-29 21:23:44,525] {logging_mixin.py:115} INFO - Conectado a Redshift con éxito!
[2024-02-29 21:23:45,054] {python.py:173} INFO - Done. Returned value was: None
[2024-02-29 21:23:45,072] {taskinstance.py:1420} INFO - Marking task as SUCCESS. dag_id=ingestar_data, task_id=conectar_redshift, execution_date=20240228T212330, start_date=20240229T212343, end_date=20240229T212345
[2024-02-29 21:23:45,109] {local_task_job.py:156} INFO - Task exited with return code 0
[2024-02-29 21:23:45,138] {local_task_job.py:273} INFO - 1 downstream tasks scheduled from follow-on schedule check
